This file contains any messages produced by compilers while
running configure, to aid debugging if configure makes a mistake.

It was created by iptables configure 1.4.20, which was
generated by GNU Autoconf 2.67.  Invocation command line was

  $ ./configure --host=mips-linux-gnu --with-kernel=/home/wangchao/aw2.0.18sp8_new/aw2.0.18sp8_pb/src/kernel2.6.32.27cn --prefix=/opt/ --with-xtlibdir=/opt/lib/iptables

## --------- ##
## Platform. ##
## --------- ##

hostname = new18
uname -m = x86_64
uname -r = 2.6.32-5-amd64
uname -s = Linux
uname -v = #1 SMP Sun May 6 04:00:17 UTC 2012

/usr/bin/uname -p = unknown
/bin/uname -X     = unknown

/bin/arch              = unknown
/usr/bin/arch -k       = unknown
/usr/convex/getsysinfo = unknown
/usr/bin/hostinfo      = unknown
/bin/machine           = unknown
/usr/bin/oslevel       = unknown
/bin/universe          = unknown

PATH: /opt/CN/SDK2.2/tools/bin
PATH: /opt/CN/SDK2.2/host/bin
PATH: /usr/local/bin
PATH: /usr/bin
PATH: /usr/sbin
PATH: /sbin
PATH: /bin


## ----------- ##
## Core tests. ##
## ----------- ##

configure:2612: checking for a BSD-compatible install
configure:2680: result: /usr/bin/install -c
configure:2693: checking whether build environment is sane
configure:2743: result: yes
configure:2792: checking for mips-linux-gnu-strip
configure:2819: result: mips-linux-gnu-strip
configure:2884: checking for a thread-safe mkdir -p
configure:2923: result: /bin/mkdir -p
configure:2936: checking for gawk
configure:2952: found /usr/bin/gawk
configure:2963: result: gawk
configure:2974: checking whether make sets $(MAKE)
configure:2996: result: yes
configure:3084: checking for mips-linux-gnu-gcc
configure:3111: result: mips-linux-gnu-gcc
configure:3380: checking for C compiler version
configure:3389: mips-linux-gnu-gcc --version >&5
mips-linux-gnu-gcc (GCC) 4.1.2 20061115 (prerelease) (Debian 4.1.1-21)
Copyright (C) 2006 Free Software Foundation, Inc.
This is free software; see the source for copying conditions.  There is NO
warranty; not even for MERCHANTABILITY or FITNESS FOR A PARTICULAR PURPOSE.

configure:3400: $? = 0
configure:3389: mips-linux-gnu-gcc -v >&5
Using built-in specs.
Target: mips-linux-gnu
Configured with: ../src/configure -v --enable-languages=c,c++ --prefix=/usr --enable-shared --with-system-zlib --libexecdir=/usr/lib --without-included-gettext --enable-threads=posix --enable-nls --with-gxx-include-dir=/usr/mips-linux-gnu/include/c++/4.1.2 --program-suffix=-4.1 --enable-__cxa_atexit --enable-clocale=gnu --enable-libstdcxx-debug --disable-libssp --enable-checking=release --program-prefix=mips-linux-gnu- --includedir=/usr/mips-linux-gnu/include --build=x86_64-linux-gnu --host=x86_64-linux-gnu --target=mips-linux-gnu
Thread model: posix
gcc version 4.1.2 20061115 (prerelease) (Debian 4.1.1-21)
configure:3400: $? = 0
configure:3389: mips-linux-gnu-gcc -V >&5
mips-linux-gnu-gcc: '-V' option must have argument
configure:3400: $? = 1
configure:3389: mips-linux-gnu-gcc -qversion >&5
mips-linux-gnu-gcc: unrecognized option '-qversion'
mips-linux-gnu-gcc: no input files
configure:3400: $? = 1
configure:3420: checking whether the C compiler works
configure:3442: mips-linux-gnu-gcc    conftest.c  >&5
configure:3446: $? = 0
configure:3494: result: yes
configure:3497: checking for C compiler default output file name
configure:3499: result: a.out
configure:3505: checking for suffix of executables
configure:3512: mips-linux-gnu-gcc -o conftest    conftest.c  >&5
configure:3516: $? = 0
configure:3538: result: 
configure:3560: checking whether we are cross compiling
configure:3568: mips-linux-gnu-gcc -o conftest    conftest.c  >&5
configure:3572: $? = 0
configure:3579: ./conftest
./configure: line 3581: ./conftest: cannot execute binary file
configure:3583: $? = 126
configure:3598: result: yes
configure:3603: checking for suffix of object files
configure:3625: mips-linux-gnu-gcc -c   conftest.c >&5
configure:3629: $? = 0
configure:3650: result: o
configure:3654: checking whether we are using the GNU C compiler
configure:3673: mips-linux-gnu-gcc -c   conftest.c >&5
configure:3673: $? = 0
configure:3682: result: yes
configure:3691: checking whether mips-linux-gnu-gcc accepts -g
configure:3711: mips-linux-gnu-gcc -c -g  conftest.c >&5
configure:3711: $? = 0
configure:3752: result: yes
configure:3769: checking for mips-linux-gnu-gcc option to accept ISO C89
configure:3833: mips-linux-gnu-gcc  -c -g -O2  conftest.c >&5
configure:3833: $? = 0
configure:3846: result: none needed
configure:3877: checking for style of include used by make
configure:3905: result: GNU
configure:3930: checking dependency style of mips-linux-gnu-gcc
configure:4040: result: gcc3
configure:4056: checking whether mips-linux-gnu-gcc and cc understand -c and -o together
configure:4087: mips-linux-gnu-gcc -c conftest.c -o conftest2.o >&5
configure:4091: $? = 0
configure:4097: mips-linux-gnu-gcc -c conftest.c -o conftest2.o >&5
configure:4101: $? = 0
configure:4112: cc -c conftest.c >&5
configure:4116: $? = 0
configure:4124: cc -c conftest.c -o conftest2.o >&5
configure:4128: $? = 0
configure:4134: cc -c conftest.c -o conftest2.o >&5
configure:4138: $? = 0
configure:4156: result: yes
configure:4242: checking build system type
configure:4256: result: x86_64-unknown-linux-gnu
configure:4276: checking host system type
configure:4289: result: mips-unknown-linux-gnu
configure:4309: checking for a sed that does not truncate output
configure:4373: result: /bin/sed
configure:4391: checking for grep that handles long lines and -e
configure:4449: result: /bin/grep
configure:4454: checking for egrep
configure:4516: result: /bin/grep -E
configure:4521: checking for fgrep
configure:4583: result: /bin/grep -F
configure:4618: checking for ld used by mips-linux-gnu-gcc
configure:4685: result: mips-linux-gnu-ld
configure:4692: checking if the linker (mips-linux-gnu-ld) is GNU ld
configure:4707: result: yes
configure:4719: checking for BSD- or MS-compatible name lister (nm)
configure:4768: result: mips-linux-gnu-nm
configure:4886: checking the name lister (mips-linux-gnu-nm) interface
configure:4893: mips-linux-gnu-gcc -c -g -O2  conftest.c >&5
configure:4896: mips-linux-gnu-nm "conftest.o"
configure:4899: output
0000000000000000 B some_variable
configure:4906: result: BSD nm
configure:4909: checking whether ln -s works
configure:4913: result: yes
configure:4921: checking the maximum length of command line arguments
configure:5041: result: 3458764513820540925
configure:5058: checking whether the shell understands some XSI constructs
configure:5068: result: yes
configure:5072: checking whether the shell understands "+="
configure:5078: result: yes
configure:5113: checking for mips-linux-gnu-ld option to reload object files
configure:5120: result: -r
configure:5149: checking for mips-linux-gnu-objdump
configure:5176: result: mips-linux-gnu-objdump
configure:5248: checking how to recognize dependent libraries
configure:5444: result: pass_all
configure:5464: checking for mips-linux-gnu-ar
configure:5491: result: mips-linux-gnu-ar
configure:5569: checking for mips-linux-gnu-strip
configure:5596: result: mips-linux-gnu-strip
configure:5668: checking for mips-linux-gnu-ranlib
configure:5695: result: mips-linux-gnu-ranlib
configure:5825: checking command to parse mips-linux-gnu-nm output from mips-linux-gnu-gcc object
configure:5943: mips-linux-gnu-gcc -c -g -O2  conftest.c >&5
configure:5946: $? = 0
configure:5950: mips-linux-gnu-nm conftest.o \| sed -n -e 's/^.*[	 ]\([ABCDGIRSTW][ABCDGIRSTW]*\)[	 ][	 ]*\([_A-Za-z][_A-Za-z0-9]*\)$/\1 \2 \2/p' \> conftest.nm
configure:5953: $? = 0
configure:6007: mips-linux-gnu-gcc -o conftest -g -O2   conftest.c conftstm.o >&5
configure:6010: $? = 0
configure:6048: result: ok
configure:6857: checking how to run the C preprocessor
configure:6888: mips-linux-gnu-gcc -E  conftest.c
configure:6888: $? = 0
configure:6902: mips-linux-gnu-gcc -E  conftest.c
conftest.c:11:28: error: ac_nonexistent.h: No such file or directory
configure:6902: $? = 1
configure: failed program was:
| /* confdefs.h */
| #define PACKAGE_NAME "iptables"
| #define PACKAGE_TARNAME "iptables"
| #define PACKAGE_VERSION "1.4.20"
| #define PACKAGE_STRING "iptables 1.4.20"
| #define PACKAGE_BUGREPORT ""
| #define PACKAGE_URL ""
| #define PACKAGE "iptables"
| #define VERSION "1.4.20"
| /* end confdefs.h.  */
| #include <ac_nonexistent.h>
configure:6927: result: mips-linux-gnu-gcc -E
configure:6947: mips-linux-gnu-gcc -E  conftest.c
configure:6947: $? = 0
configure:6961: mips-linux-gnu-gcc -E  conftest.c
conftest.c:11:28: error: ac_nonexistent.h: No such file or directory
configure:6961: $? = 1
configure: failed program was:
| /* confdefs.h */
| #define PACKAGE_NAME "iptables"
| #define PACKAGE_TARNAME "iptables"
| #define PACKAGE_VERSION "1.4.20"
| #define PACKAGE_STRING "iptables 1.4.20"
| #define PACKAGE_BUGREPORT ""
| #define PACKAGE_URL ""
| #define PACKAGE "iptables"
| #define VERSION "1.4.20"
| /* end confdefs.h.  */
| #include <ac_nonexistent.h>
configure:6990: checking for ANSI C header files
configure:7010: mips-linux-gnu-gcc -c -g -O2  conftest.c >&5
configure:7010: $? = 0
configure:7094: result: yes
configure:7107: checking for sys/types.h
configure:7107: mips-linux-gnu-gcc -c -g -O2  conftest.c >&5
configure:7107: $? = 0
configure:7107: result: yes
configure:7107: checking for sys/stat.h
configure:7107: mips-linux-gnu-gcc -c -g -O2  conftest.c >&5
configure:7107: $? = 0
configure:7107: result: yes
configure:7107: checking for stdlib.h
configure:7107: mips-linux-gnu-gcc -c -g -O2  conftest.c >&5
configure:7107: $? = 0
configure:7107: result: yes
configure:7107: checking for string.h
configure:7107: mips-linux-gnu-gcc -c -g -O2  conftest.c >&5
configure:7107: $? = 0
configure:7107: result: yes
configure:7107: checking for memory.h
configure:7107: mips-linux-gnu-gcc -c -g -O2  conftest.c >&5
configure:7107: $? = 0
configure:7107: result: yes
configure:7107: checking for strings.h
configure:7107: mips-linux-gnu-gcc -c -g -O2  conftest.c >&5
configure:7107: $? = 0
configure:7107: result: yes
configure:7107: checking for inttypes.h
configure:7107: mips-linux-gnu-gcc -c -g -O2  conftest.c >&5
configure:7107: $? = 0
configure:7107: result: yes
configure:7107: checking for stdint.h
configure:7107: mips-linux-gnu-gcc -c -g -O2  conftest.c >&5
configure:7107: $? = 0
configure:7107: result: yes
configure:7107: checking for unistd.h
configure:7107: mips-linux-gnu-gcc -c -g -O2  conftest.c >&5
configure:7107: $? = 0
configure:7107: result: yes
configure:7121: checking for dlfcn.h
configure:7121: mips-linux-gnu-gcc -c -g -O2  conftest.c >&5
configure:7121: $? = 0
configure:7121: result: yes
configure:7275: checking for objdir
configure:7290: result: .libs
configure:7586: checking if mips-linux-gnu-gcc supports -fno-rtti -fno-exceptions
configure:7604: mips-linux-gnu-gcc -c -g -O2  -fno-rtti -fno-exceptions conftest.c >&5
cc1: warning: command line option "-fno-rtti" is valid for C++/ObjC++ but not for C
configure:7608: $? = 0
configure:7621: result: no
configure:7641: checking for mips-linux-gnu-gcc option to produce PIC
configure:7913: result: -fPIC -DPIC
configure:7925: checking if mips-linux-gnu-gcc PIC flag -fPIC -DPIC works
configure:7943: mips-linux-gnu-gcc -c -g -O2  -fPIC -DPIC -DPIC conftest.c >&5
configure:7947: $? = 0
configure:7960: result: yes
configure:7984: checking if mips-linux-gnu-gcc static flag -static works
configure:8012: result: yes
configure:8027: checking if mips-linux-gnu-gcc supports -c -o file.o
configure:8048: mips-linux-gnu-gcc -c -g -O2  -o out/conftest2.o conftest.c >&5
configure:8052: $? = 0
configure:8074: result: yes
configure:8082: checking if mips-linux-gnu-gcc supports -c -o file.o
configure:8129: result: yes
configure:8162: checking whether the mips-linux-gnu-gcc linker (mips-linux-gnu-ld) supports shared libraries
configure:9153: result: yes
configure:9190: checking whether -lc should be explicitly linked in
configure:9195: mips-linux-gnu-gcc -c -g -O2  conftest.c >&5
configure:9198: $? = 0
configure:9213: mips-linux-gnu-gcc -shared conftest.o  -v -Wl,-soname -Wl,conftest -o conftest 2\>\&1 \| /bin/grep  -lc  \>/dev/null 2\>\&1
configure:9216: $? = 0
configure:9228: result: no
configure:9392: checking dynamic linker characteristics
configure:9825: mips-linux-gnu-gcc -o conftest -g -O2   -Wl,-rpath -Wl,/foo conftest.c  >&5
configure:9825: $? = 0
configure:10055: result: GNU/Linux ld.so
configure:10157: checking how to hardcode library paths into programs
configure:10182: result: immediate
configure:10702: checking whether stripping libraries is possible
configure:10707: result: yes
configure:10742: checking if libtool supports shared libraries
configure:10744: result: yes
configure:10747: checking whether to build shared libraries
configure:10768: result: yes
configure:10771: checking whether to build static libraries
configure:10775: result: no
configure:10890: checking whether the linker accepts -Wl,--no-as-needed
configure:10909: mips-linux-gnu-gcc -o conftest -g -O2  -Wl,--no-as-needed conftest.c  >&5
configure:10909: $? = 0
configure:10920: result: yes
configure:10930: checking whether mips-linux-gnu-ld knows -Wl,--no-undefined
configure:10938: mips-linux-gnu-gcc -o conftest -g -O2  -Wl,--no-undefined conftest.c  >&5
configure:10938: $? = 0
configure:10939: result: yes
configure:10955: checking linux/dccp.h usability
configure:10955: mips-linux-gnu-gcc -c -g -O2  conftest.c >&5
configure:10955: $? = 0
configure:10955: result: yes
configure:10955: checking linux/dccp.h presence
configure:10955: mips-linux-gnu-gcc -E  conftest.c
configure:10955: $? = 0
configure:10955: result: yes
configure:10955: checking for linux/dccp.h
configure:10955: result: yes
configure:10955: checking linux/ip_vs.h usability
configure:10955: mips-linux-gnu-gcc -c -g -O2  conftest.c >&5
conftest.c:57:25: error: linux/ip_vs.h: No such file or directory
configure:10955: $? = 1
configure: failed program was:
| /* confdefs.h */
| #define PACKAGE_NAME "iptables"
| #define PACKAGE_TARNAME "iptables"
| #define PACKAGE_VERSION "1.4.20"
| #define PACKAGE_STRING "iptables 1.4.20"
| #define PACKAGE_BUGREPORT ""
| #define PACKAGE_URL ""
| #define PACKAGE "iptables"
| #define VERSION "1.4.20"
| #define STDC_HEADERS 1
| #define HAVE_SYS_TYPES_H 1
| #define HAVE_SYS_STAT_H 1
| #define HAVE_STDLIB_H 1
| #define HAVE_STRING_H 1
| #define HAVE_MEMORY_H 1
| #define HAVE_STRINGS_H 1
| #define HAVE_INTTYPES_H 1
| #define HAVE_STDINT_H 1
| #define HAVE_UNISTD_H 1
| #define HAVE_DLFCN_H 1
| #define LT_OBJDIR ".libs/"
| #define HAVE_LINUX_DCCP_H 1
| /* end confdefs.h.  */
| #include <stdio.h>
| #ifdef HAVE_SYS_TYPES_H
| # include <sys/types.h>
| #endif
| #ifdef HAVE_SYS_STAT_H
| # include <sys/stat.h>
| #endif
| #ifdef STDC_HEADERS
| # include <stdlib.h>
| # include <stddef.h>
| #else
| # ifdef HAVE_STDLIB_H
| #  include <stdlib.h>
| # endif
| #endif
| #ifdef HAVE_STRING_H
| # if !defined STDC_HEADERS && defined HAVE_MEMORY_H
| #  include <memory.h>
| # endif
| # include <string.h>
| #endif
| #ifdef HAVE_STRINGS_H
| # include <strings.h>
| #endif
| #ifdef HAVE_INTTYPES_H
| # include <inttypes.h>
| #endif
| #ifdef HAVE_STDINT_H
| # include <stdint.h>
| #endif
| #ifdef HAVE_UNISTD_H
| # include <unistd.h>
| #endif
| #include <linux/ip_vs.h>
configure:10955: result: no
configure:10955: checking linux/ip_vs.h presence
configure:10955: mips-linux-gnu-gcc -E  conftest.c
conftest.c:24:25: error: linux/ip_vs.h: No such file or directory
configure:10955: $? = 1
configure: failed program was:
| /* confdefs.h */
| #define PACKAGE_NAME "iptables"
| #define PACKAGE_TARNAME "iptables"
| #define PACKAGE_VERSION "1.4.20"
| #define PACKAGE_STRING "iptables 1.4.20"
| #define PACKAGE_BUGREPORT ""
| #define PACKAGE_URL ""
| #define PACKAGE "iptables"
| #define VERSION "1.4.20"
| #define STDC_HEADERS 1
| #define HAVE_SYS_TYPES_H 1
| #define HAVE_SYS_STAT_H 1
| #define HAVE_STDLIB_H 1
| #define HAVE_STRING_H 1
| #define HAVE_MEMORY_H 1
| #define HAVE_STRINGS_H 1
| #define HAVE_INTTYPES_H 1
| #define HAVE_STDINT_H 1
| #define HAVE_UNISTD_H 1
| #define HAVE_DLFCN_H 1
| #define LT_OBJDIR ".libs/"
| #define HAVE_LINUX_DCCP_H 1
| /* end confdefs.h.  */
| #include <linux/ip_vs.h>
configure:10955: result: no
configure:10955: checking for linux/ip_vs.h
configure:10955: result: no
configure:10955: checking linux/magic.h usability
configure:10955: mips-linux-gnu-gcc -c -g -O2  conftest.c >&5
conftest.c:57:25: error: linux/magic.h: No such file or directory
configure:10955: $? = 1
configure: failed program was:
| /* confdefs.h */
| #define PACKAGE_NAME "iptables"
| #define PACKAGE_TARNAME "iptables"
| #define PACKAGE_VERSION "1.4.20"
| #define PACKAGE_STRING "iptables 1.4.20"
| #define PACKAGE_BUGREPORT ""
| #define PACKAGE_URL ""
| #define PACKAGE "iptables"
| #define VERSION "1.4.20"
| #define STDC_HEADERS 1
| #define HAVE_SYS_TYPES_H 1
| #define HAVE_SYS_STAT_H 1
| #define HAVE_STDLIB_H 1
| #define HAVE_STRING_H 1
| #define HAVE_MEMORY_H 1
| #define HAVE_STRINGS_H 1
| #define HAVE_INTTYPES_H 1
| #define HAVE_STDINT_H 1
| #define HAVE_UNISTD_H 1
| #define HAVE_DLFCN_H 1
| #define LT_OBJDIR ".libs/"
| #define HAVE_LINUX_DCCP_H 1
| /* end confdefs.h.  */
| #include <stdio.h>
| #ifdef HAVE_SYS_TYPES_H
| # include <sys/types.h>
| #endif
| #ifdef HAVE_SYS_STAT_H
| # include <sys/stat.h>
| #endif
| #ifdef STDC_HEADERS
| # include <stdlib.h>
| # include <stddef.h>
| #else
| # ifdef HAVE_STDLIB_H
| #  include <stdlib.h>
| # endif
| #endif
| #ifdef HAVE_STRING_H
| # if !defined STDC_HEADERS && defined HAVE_MEMORY_H
| #  include <memory.h>
| # endif
| # include <string.h>
| #endif
| #ifdef HAVE_STRINGS_H
| # include <strings.h>
| #endif
| #ifdef HAVE_INTTYPES_H
| # include <inttypes.h>
| #endif
| #ifdef HAVE_STDINT_H
| # include <stdint.h>
| #endif
| #ifdef HAVE_UNISTD_H
| # include <unistd.h>
| #endif
| #include <linux/magic.h>
configure:10955: result: no
configure:10955: checking linux/magic.h presence
configure:10955: mips-linux-gnu-gcc -E  conftest.c
conftest.c:24:25: error: linux/magic.h: No such file or directory
configure:10955: $? = 1
configure: failed program was:
| /* confdefs.h */
| #define PACKAGE_NAME "iptables"
| #define PACKAGE_TARNAME "iptables"
| #define PACKAGE_VERSION "1.4.20"
| #define PACKAGE_STRING "iptables 1.4.20"
| #define PACKAGE_BUGREPORT ""
| #define PACKAGE_URL ""
| #define PACKAGE "iptables"
| #define VERSION "1.4.20"
| #define STDC_HEADERS 1
| #define HAVE_SYS_TYPES_H 1
| #define HAVE_SYS_STAT_H 1
| #define HAVE_STDLIB_H 1
| #define HAVE_STRING_H 1
| #define HAVE_MEMORY_H 1
| #define HAVE_STRINGS_H 1
| #define HAVE_INTTYPES_H 1
| #define HAVE_STDINT_H 1
| #define HAVE_UNISTD_H 1
| #define HAVE_DLFCN_H 1
| #define LT_OBJDIR ".libs/"
| #define HAVE_LINUX_DCCP_H 1
| /* end confdefs.h.  */
| #include <linux/magic.h>
configure:10955: result: no
configure:10955: checking for linux/magic.h
configure:10955: result: no
configure:10955: checking linux/proc_fs.h usability
configure:10955: mips-linux-gnu-gcc -c -g -O2  conftest.c >&5
In file included from /usr/mips-linux-gnu/include/asm/cpu-info.h:15,
                 from /usr/mips-linux-gnu/include/asm/cpu-features.h:14,
                 from /usr/mips-linux-gnu/include/asm/atomic.h:26,
                 from /usr/mips-linux-gnu/include/linux/proc_fs.h:7,
                 from conftest.c:57:
/usr/mips-linux-gnu/include/asm/cache.h:12:21: error: kmalloc.h: No such file or directory
In file included from /usr/mips-linux-gnu/include/asm/cpu-features.h:14,
                 from /usr/mips-linux-gnu/include/asm/atomic.h:26,
                 from /usr/mips-linux-gnu/include/linux/proc_fs.h:7,
                 from conftest.c:57:
/usr/mips-linux-gnu/include/asm/cpu-info.h:86: error: 'CONFIG_MIPS_L1_CACHE_SHIFT' undeclared here (not in a function)
/usr/mips-linux-gnu/include/asm/cpu-info.h:86: error: requested alignment is not a constant
In file included from /usr/mips-linux-gnu/include/asm/atomic.h:26,
                 from /usr/mips-linux-gnu/include/linux/proc_fs.h:7,
                 from conftest.c:57:
/usr/mips-linux-gnu/include/asm/cpu-features.h:15:35: error: cpu-feature-overrides.h: No such file or directory
In file included from conftest.c:57:
/usr/mips-linux-gnu/include/linux/proc_fs.h:79: error: field 'list' has incomplete type
/usr/mips-linux-gnu/include/linux/proc_fs.h:256: error: field 'vfs_inode' has incomplete type
/usr/mips-linux-gnu/include/linux/proc_fs.h: In function 'PROC_I':
/usr/mips-linux-gnu/include/linux/proc_fs.h:261: error: expected expression before 'struct'
configure:10955: $? = 1
configure: failed program was:
| /* confdefs.h */
| #define PACKAGE_NAME "iptables"
| #define PACKAGE_TARNAME "iptables"
| #define PACKAGE_VERSION "1.4.20"
| #define PACKAGE_STRING "iptables 1.4.20"
| #define PACKAGE_BUGREPORT ""
| #define PACKAGE_URL ""
| #define PACKAGE "iptables"
| #define VERSION "1.4.20"
| #define STDC_HEADERS 1
| #define HAVE_SYS_TYPES_H 1
| #define HAVE_SYS_STAT_H 1
| #define HAVE_STDLIB_H 1
| #define HAVE_STRING_H 1
| #define HAVE_MEMORY_H 1
| #define HAVE_STRINGS_H 1
| #define HAVE_INTTYPES_H 1
| #define HAVE_STDINT_H 1
| #define HAVE_UNISTD_H 1
| #define HAVE_DLFCN_H 1
| #define LT_OBJDIR ".libs/"
| #define HAVE_LINUX_DCCP_H 1
| /* end confdefs.h.  */
| #include <stdio.h>
| #ifdef HAVE_SYS_TYPES_H
| # include <sys/types.h>
| #endif
| #ifdef HAVE_SYS_STAT_H
| # include <sys/stat.h>
| #endif
| #ifdef STDC_HEADERS
| # include <stdlib.h>
| # include <stddef.h>
| #else
| # ifdef HAVE_STDLIB_H
| #  include <stdlib.h>
| # endif
| #endif
| #ifdef HAVE_STRING_H
| # if !defined STDC_HEADERS && defined HAVE_MEMORY_H
| #  include <memory.h>
| # endif
| # include <string.h>
| #endif
| #ifdef HAVE_STRINGS_H
| # include <strings.h>
| #endif
| #ifdef HAVE_INTTYPES_H
| # include <inttypes.h>
| #endif
| #ifdef HAVE_STDINT_H
| # include <stdint.h>
| #endif
| #ifdef HAVE_UNISTD_H
| # include <unistd.h>
| #endif
| #include <linux/proc_fs.h>
configure:10955: result: no
configure:10955: checking linux/proc_fs.h presence
configure:10955: mips-linux-gnu-gcc -E  conftest.c
In file included from /usr/mips-linux-gnu/include/asm/cpu-info.h:15,
                 from /usr/mips-linux-gnu/include/asm/cpu-features.h:14,
                 from /usr/mips-linux-gnu/include/asm/atomic.h:26,
                 from /usr/mips-linux-gnu/include/linux/proc_fs.h:7,
                 from conftest.c:24:
/usr/mips-linux-gnu/include/asm/cache.h:12:21: error: kmalloc.h: No such file or directory
In file included from /usr/mips-linux-gnu/include/asm/atomic.h:26,
                 from /usr/mips-linux-gnu/include/linux/proc_fs.h:7,
                 from conftest.c:24:
/usr/mips-linux-gnu/include/asm/cpu-features.h:15:35: error: cpu-feature-overrides.h: No such file or directory
configure:10955: $? = 1
configure: failed program was:
| /* confdefs.h */
| #define PACKAGE_NAME "iptables"
| #define PACKAGE_TARNAME "iptables"
| #define PACKAGE_VERSION "1.4.20"
| #define PACKAGE_STRING "iptables 1.4.20"
| #define PACKAGE_BUGREPORT ""
| #define PACKAGE_URL ""
| #define PACKAGE "iptables"
| #define VERSION "1.4.20"
| #define STDC_HEADERS 1
| #define HAVE_SYS_TYPES_H 1
| #define HAVE_SYS_STAT_H 1
| #define HAVE_STDLIB_H 1
| #define HAVE_STRING_H 1
| #define HAVE_MEMORY_H 1
| #define HAVE_STRINGS_H 1
| #define HAVE_INTTYPES_H 1
| #define HAVE_STDINT_H 1
| #define HAVE_UNISTD_H 1
| #define HAVE_DLFCN_H 1
| #define LT_OBJDIR ".libs/"
| #define HAVE_LINUX_DCCP_H 1
| /* end confdefs.h.  */
| #include <linux/proc_fs.h>
configure:10955: result: no
configure:10955: checking for linux/proc_fs.h
configure:10955: result: no
configure:10982: checking for mips-linux-gnu-pkg-config
configure:11015: result: no
configure:11025: checking for pkg-config
configure:11043: found /usr/bin/pkg-config
configure:11055: result: /usr/bin/pkg-config
configure:11067: WARNING: using cross tools not prefixed with host triplet
configure:11080: checking pkg-config is at least version 0.9.0
configure:11083: result: yes
configure:11093: checking for libnetfilter_conntrack
configure:11100: $PKG_CONFIG --exists --print-errors "libnetfilter_conntrack >= 1.0.4"
Package libnetfilter_conntrack was not found in the pkg-config search path.
Perhaps you should add the directory containing `libnetfilter_conntrack.pc'
to the PKG_CONFIG_PATH environment variable
No package 'libnetfilter_conntrack' found
configure:11103: $? = 1
configure:11116: $PKG_CONFIG --exists --print-errors "libnetfilter_conntrack >= 1.0.4"
Package libnetfilter_conntrack was not found in the pkg-config search path.
Perhaps you should add the directory containing `libnetfilter_conntrack.pc'
to the PKG_CONFIG_PATH environment variable
No package 'libnetfilter_conntrack' found
configure:11119: $? = 1
configure:11132: result: no
No package 'libnetfilter_conntrack' found
configure:11179: checking size of struct ip6_hdr
configure:11184: mips-linux-gnu-gcc -c -g -O2  conftest.c >&5
configure:11184: $? = 0
configure:11184: mips-linux-gnu-gcc -c -g -O2  conftest.c >&5
conftest.c: In function 'main':
conftest.c:29: error: size of array 'test_array' is negative
configure:11184: $? = 1
configure: failed program was:
| /* confdefs.h */
| #define PACKAGE_NAME "iptables"
| #define PACKAGE_TARNAME "iptables"
| #define PACKAGE_VERSION "1.4.20"
| #define PACKAGE_STRING "iptables 1.4.20"
| #define PACKAGE_BUGREPORT ""
| #define PACKAGE_URL ""
| #define PACKAGE "iptables"
| #define VERSION "1.4.20"
| #define STDC_HEADERS 1
| #define HAVE_SYS_TYPES_H 1
| #define HAVE_SYS_STAT_H 1
| #define HAVE_STDLIB_H 1
| #define HAVE_STRING_H 1
| #define HAVE_MEMORY_H 1
| #define HAVE_STRINGS_H 1
| #define HAVE_INTTYPES_H 1
| #define HAVE_STDINT_H 1
| #define HAVE_UNISTD_H 1
| #define HAVE_DLFCN_H 1
| #define LT_OBJDIR ".libs/"
| #define HAVE_LINUX_DCCP_H 1
| /* end confdefs.h.  */
| #include <netinet/ip6.h>
| 
| int
| main ()
| {
| static int test_array [1 - 2 * !(((long int) (sizeof (struct ip6_hdr))) <= 0)];
| test_array [0] = 0
| 
|   ;
|   return 0;
| }
configure:11184: mips-linux-gnu-gcc -c -g -O2  conftest.c >&5
conftest.c: In function 'main':
conftest.c:29: error: size of array 'test_array' is negative
configure:11184: $? = 1
configure: failed program was:
| /* confdefs.h */
| #define PACKAGE_NAME "iptables"
| #define PACKAGE_TARNAME "iptables"
| #define PACKAGE_VERSION "1.4.20"
| #define PACKAGE_STRING "iptables 1.4.20"
| #define PACKAGE_BUGREPORT ""
| #define PACKAGE_URL ""
| #define PACKAGE "iptables"
| #define VERSION "1.4.20"
| #define STDC_HEADERS 1
| #define HAVE_SYS_TYPES_H 1
| #define HAVE_SYS_STAT_H 1
| #define HAVE_STDLIB_H 1
| #define HAVE_STRING_H 1
| #define HAVE_MEMORY_H 1
| #define HAVE_STRINGS_H 1
| #define HAVE_INTTYPES_H 1
| #define HAVE_STDINT_H 1
| #define HAVE_UNISTD_H 1
| #define HAVE_DLFCN_H 1
| #define LT_OBJDIR ".libs/"
| #define HAVE_LINUX_DCCP_H 1
| /* end confdefs.h.  */
| #include <netinet/ip6.h>
| 
| int
| main ()
| {
| static int test_array [1 - 2 * !(((long int) (sizeof (struct ip6_hdr))) <= 1)];
| test_array [0] = 0
| 
|   ;
|   return 0;
| }
configure:11184: mips-linux-gnu-gcc -c -g -O2  conftest.c >&5
conftest.c: In function 'main':
conftest.c:29: error: size of array 'test_array' is negative
configure:11184: $? = 1
configure: failed program was:
| /* confdefs.h */
| #define PACKAGE_NAME "iptables"
| #define PACKAGE_TARNAME "iptables"
| #define PACKAGE_VERSION "1.4.20"
| #define PACKAGE_STRING "iptables 1.4.20"
| #define PACKAGE_BUGREPORT ""
| #define PACKAGE_URL ""
| #define PACKAGE "iptables"
| #define VERSION "1.4.20"
| #define STDC_HEADERS 1
| #define HAVE_SYS_TYPES_H 1
| #define HAVE_SYS_STAT_H 1
| #define HAVE_STDLIB_H 1
| #define HAVE_STRING_H 1
| #define HAVE_MEMORY_H 1
| #define HAVE_STRINGS_H 1
| #define HAVE_INTTYPES_H 1
| #define HAVE_STDINT_H 1
| #define HAVE_UNISTD_H 1
| #define HAVE_DLFCN_H 1
| #define LT_OBJDIR ".libs/"
| #define HAVE_LINUX_DCCP_H 1
| /* end confdefs.h.  */
| #include <netinet/ip6.h>
| 
| int
| main ()
| {
| static int test_array [1 - 2 * !(((long int) (sizeof (struct ip6_hdr))) <= 3)];
| test_array [0] = 0
| 
|   ;
|   return 0;
| }
configure:11184: mips-linux-gnu-gcc -c -g -O2  conftest.c >&5
conftest.c: In function 'main':
conftest.c:29: error: size of array 'test_array' is negative
configure:11184: $? = 1
configure: failed program was:
| /* confdefs.h */
| #define PACKAGE_NAME "iptables"
| #define PACKAGE_TARNAME "iptables"
| #define PACKAGE_VERSION "1.4.20"
| #define PACKAGE_STRING "iptables 1.4.20"
| #define PACKAGE_BUGREPORT ""
| #define PACKAGE_URL ""
| #define PACKAGE "iptables"
| #define VERSION "1.4.20"
| #define STDC_HEADERS 1
| #define HAVE_SYS_TYPES_H 1
| #define HAVE_SYS_STAT_H 1
| #define HAVE_STDLIB_H 1
| #define HAVE_STRING_H 1
| #define HAVE_MEMORY_H 1
| #define HAVE_STRINGS_H 1
| #define HAVE_INTTYPES_H 1
| #define HAVE_STDINT_H 1
| #define HAVE_UNISTD_H 1
| #define HAVE_DLFCN_H 1
| #define LT_OBJDIR ".libs/"
| #define HAVE_LINUX_DCCP_H 1
| /* end confdefs.h.  */
| #include <netinet/ip6.h>
| 
| int
| main ()
| {
| static int test_array [1 - 2 * !(((long int) (sizeof (struct ip6_hdr))) <= 7)];
| test_array [0] = 0
| 
|   ;
|   return 0;
| }
configure:11184: mips-linux-gnu-gcc -c -g -O2  conftest.c >&5
conftest.c: In function 'main':
conftest.c:29: error: size of array 'test_array' is negative
configure:11184: $? = 1
configure: failed program was:
| /* confdefs.h */
| #define PACKAGE_NAME "iptables"
| #define PACKAGE_TARNAME "iptables"
| #define PACKAGE_VERSION "1.4.20"
| #define PACKAGE_STRING "iptables 1.4.20"
| #define PACKAGE_BUGREPORT ""
| #define PACKAGE_URL ""
| #define PACKAGE "iptables"
| #define VERSION "1.4.20"
| #define STDC_HEADERS 1
| #define HAVE_SYS_TYPES_H 1
| #define HAVE_SYS_STAT_H 1
| #define HAVE_STDLIB_H 1
| #define HAVE_STRING_H 1
| #define HAVE_MEMORY_H 1
| #define HAVE_STRINGS_H 1
| #define HAVE_INTTYPES_H 1
| #define HAVE_STDINT_H 1
| #define HAVE_UNISTD_H 1
| #define HAVE_DLFCN_H 1
| #define LT_OBJDIR ".libs/"
| #define HAVE_LINUX_DCCP_H 1
| /* end confdefs.h.  */
| #include <netinet/ip6.h>
| 
| int
| main ()
| {
| static int test_array [1 - 2 * !(((long int) (sizeof (struct ip6_hdr))) <= 15)];
| test_array [0] = 0
| 
|   ;
|   return 0;
| }
configure:11184: mips-linux-gnu-gcc -c -g -O2  conftest.c >&5
conftest.c: In function 'main':
conftest.c:29: error: size of array 'test_array' is negative
configure:11184: $? = 1
configure: failed program was:
| /* confdefs.h */
| #define PACKAGE_NAME "iptables"
| #define PACKAGE_TARNAME "iptables"
| #define PACKAGE_VERSION "1.4.20"
| #define PACKAGE_STRING "iptables 1.4.20"
| #define PACKAGE_BUGREPORT ""
| #define PACKAGE_URL ""
| #define PACKAGE "iptables"
| #define VERSION "1.4.20"
| #define STDC_HEADERS 1
| #define HAVE_SYS_TYPES_H 1
| #define HAVE_SYS_STAT_H 1
| #define HAVE_STDLIB_H 1
| #define HAVE_STRING_H 1
| #define HAVE_MEMORY_H 1
| #define HAVE_STRINGS_H 1
| #define HAVE_INTTYPES_H 1
| #define HAVE_STDINT_H 1
| #define HAVE_UNISTD_H 1
| #define HAVE_DLFCN_H 1
| #define LT_OBJDIR ".libs/"
| #define HAVE_LINUX_DCCP_H 1
| /* end confdefs.h.  */
| #include <netinet/ip6.h>
| 
| int
| main ()
| {
| static int test_array [1 - 2 * !(((long int) (sizeof (struct ip6_hdr))) <= 31)];
| test_array [0] = 0
| 
|   ;
|   return 0;
| }
configure:11184: mips-linux-gnu-gcc -c -g -O2  conftest.c >&5
configure:11184: $? = 0
configure:11184: mips-linux-gnu-gcc -c -g -O2  conftest.c >&5
configure:11184: $? = 0
configure:11184: mips-linux-gnu-gcc -c -g -O2  conftest.c >&5
conftest.c: In function 'main':
conftest.c:29: error: size of array 'test_array' is negative
configure:11184: $? = 1
configure: failed program was:
| /* confdefs.h */
| #define PACKAGE_NAME "iptables"
| #define PACKAGE_TARNAME "iptables"
| #define PACKAGE_VERSION "1.4.20"
| #define PACKAGE_STRING "iptables 1.4.20"
| #define PACKAGE_BUGREPORT ""
| #define PACKAGE_URL ""
| #define PACKAGE "iptables"
| #define VERSION "1.4.20"
| #define STDC_HEADERS 1
| #define HAVE_SYS_TYPES_H 1
| #define HAVE_SYS_STAT_H 1
| #define HAVE_STDLIB_H 1
| #define HAVE_STRING_H 1
| #define HAVE_MEMORY_H 1
| #define HAVE_STRINGS_H 1
| #define HAVE_INTTYPES_H 1
| #define HAVE_STDINT_H 1
| #define HAVE_UNISTD_H 1
| #define HAVE_DLFCN_H 1
| #define LT_OBJDIR ".libs/"
| #define HAVE_LINUX_DCCP_H 1
| /* end confdefs.h.  */
| #include <netinet/ip6.h>
| 
| int
| main ()
| {
| static int test_array [1 - 2 * !(((long int) (sizeof (struct ip6_hdr))) <= 39)];
| test_array [0] = 0
| 
|   ;
|   return 0;
| }
configure:11184: mips-linux-gnu-gcc -c -g -O2  conftest.c >&5
configure:11184: $? = 0
configure:11184: mips-linux-gnu-gcc -c -g -O2  conftest.c >&5
configure:11184: $? = 0
configure:11184: mips-linux-gnu-gcc -c -g -O2  conftest.c >&5
configure:11184: $? = 0
configure:11199: result: 40
configure:11327: checking for libnfnetlink
configure:11334: $PKG_CONFIG --exists --print-errors "libnfnetlink >= 1.0"
Package libnfnetlink was not found in the pkg-config search path.
Perhaps you should add the directory containing `libnfnetlink.pc'
to the PKG_CONFIG_PATH environment variable
No package 'libnfnetlink' found
configure:11337: $? = 1
configure:11350: $PKG_CONFIG --exists --print-errors "libnfnetlink >= 1.0"
Package libnfnetlink was not found in the pkg-config search path.
Perhaps you should add the directory containing `libnfnetlink.pc'
to the PKG_CONFIG_PATH environment variable
No package 'libnfnetlink' found
configure:11353: $? = 1
configure:11366: result: no
No package 'libnfnetlink' found
configure:11593: creating ./config.status

## ---------------------- ##
## Running config.status. ##
## ---------------------- ##

This file was extended by iptables config.status 1.4.20, which was
generated by GNU Autoconf 2.67.  Invocation command line was

  CONFIG_FILES    = 
  CONFIG_HEADERS  = 
  CONFIG_LINKS    = 
  CONFIG_COMMANDS = 
  $ ./config.status 

on new18

config.status:1133: creating Makefile
config.status:1133: creating extensions/GNUmakefile
config.status:1133: creating include/Makefile
config.status:1133: creating iptables/Makefile
config.status:1133: creating iptables/xtables.pc
config.status:1133: creating iptables/iptables.8
config.status:1133: creating iptables/iptables-extensions.8.tmpl
config.status:1133: creating iptables/iptables-save.8
config.status:1133: creating iptables/iptables-restore.8
config.status:1133: creating iptables/iptables-apply.8
config.status:1133: creating iptables/iptables-xml.1
config.status:1133: creating libipq/Makefile
config.status:1133: creating libipq/libipq.pc
config.status:1133: creating libiptc/Makefile
config.status:1133: creating libiptc/libiptc.pc
config.status:1133: creating libiptc/libip4tc.pc
config.status:1133: creating libiptc/libip6tc.pc
config.status:1133: creating libxtables/Makefile
config.status:1133: creating utils/Makefile
config.status:1133: creating include/xtables-version.h
config.status:1133: creating include/iptables/internal.h
config.status:1133: creating config.h
config.status:1313: config.h is unchanged
config.status:1361: executing depfiles commands
config.status:1361: executing libtool commands

## ---------------- ##
## Cache variables. ##
## ---------------- ##

ac_cv_build=x86_64-unknown-linux-gnu
ac_cv_c_compiler_gnu=yes
ac_cv_env_CC_set=set
ac_cv_env_CC_value=mips-linux-gnu-gcc
ac_cv_env_CFLAGS_set=
ac_cv_env_CFLAGS_value=
ac_cv_env_CPPFLAGS_set=
ac_cv_env_CPPFLAGS_value=
ac_cv_env_CPP_set=
ac_cv_env_CPP_value=
ac_cv_env_LDFLAGS_set=
ac_cv_env_LDFLAGS_value=
ac_cv_env_LIBS_set=
ac_cv_env_LIBS_value=
ac_cv_env_PKG_CONFIG_LIBDIR_set=
ac_cv_env_PKG_CONFIG_LIBDIR_value=
ac_cv_env_PKG_CONFIG_PATH_set=
ac_cv_env_PKG_CONFIG_PATH_value=
ac_cv_env_PKG_CONFIG_set=
ac_cv_env_PKG_CONFIG_value=
ac_cv_env_build_alias_set=
ac_cv_env_build_alias_value=
ac_cv_env_host_alias_set=set
ac_cv_env_host_alias_value=mips-linux-gnu
ac_cv_env_libnetfilter_conntrack_CFLAGS_set=
ac_cv_env_libnetfilter_conntrack_CFLAGS_value=
ac_cv_env_libnetfilter_conntrack_LIBS_set=
ac_cv_env_libnetfilter_conntrack_LIBS_value=
ac_cv_env_libnfnetlink_CFLAGS_set=
ac_cv_env_libnfnetlink_CFLAGS_value=
ac_cv_env_libnfnetlink_LIBS_set=
ac_cv_env_libnfnetlink_LIBS_value=
ac_cv_env_target_alias_set=
ac_cv_env_target_alias_value=
ac_cv_header_dlfcn_h=yes
ac_cv_header_inttypes_h=yes
ac_cv_header_linux_dccp_h=yes
ac_cv_header_linux_ip_vs_h=no
ac_cv_header_linux_magic_h=no
ac_cv_header_linux_proc_fs_h=no
ac_cv_header_memory_h=yes
ac_cv_header_stdc=yes
ac_cv_header_stdint_h=yes
ac_cv_header_stdlib_h=yes
ac_cv_header_string_h=yes
ac_cv_header_strings_h=yes
ac_cv_header_sys_stat_h=yes
ac_cv_header_sys_types_h=yes
ac_cv_header_unistd_h=yes
ac_cv_host=mips-unknown-linux-gnu
ac_cv_objext=o
ac_cv_path_EGREP='/bin/grep -E'
ac_cv_path_FGREP='/bin/grep -F'
ac_cv_path_GREP=/bin/grep
ac_cv_path_SED=/bin/sed
ac_cv_path_ac_pt_PKG_CONFIG=/usr/bin/pkg-config
ac_cv_path_install='/usr/bin/install -c'
ac_cv_path_mkdir=/bin/mkdir
ac_cv_prog_AR=mips-linux-gnu-ar
ac_cv_prog_AWK=gawk
ac_cv_prog_CC=mips-linux-gnu-gcc
ac_cv_prog_CPP='mips-linux-gnu-gcc -E'
ac_cv_prog_OBJDUMP=mips-linux-gnu-objdump
ac_cv_prog_RANLIB=mips-linux-gnu-ranlib
ac_cv_prog_STRIP=mips-linux-gnu-strip
ac_cv_prog_cc_c89=
ac_cv_prog_cc_g=yes
ac_cv_prog_cc_mips_linux_gnu_gcc_c_o=yes
ac_cv_prog_make_make_set=yes
ac_cv_sizeof_struct_ip6_hdr=40
am_cv_CC_dependencies_compiler_type=gcc3
ax_cv_linker_flags__Wl___no_as_needed=yes
lt_cv_deplibs_check_method=pass_all
lt_cv_file_magic_cmd='$MAGIC_CMD'
lt_cv_file_magic_test_file=
lt_cv_ld_reload_flag=-r
lt_cv_nm_interface='BSD nm'
lt_cv_objdir=.libs
lt_cv_path_LD=mips-linux-gnu-ld
lt_cv_path_NM=mips-linux-gnu-nm
lt_cv_prog_compiler_c_o=yes
lt_cv_prog_compiler_pic_works=yes
lt_cv_prog_compiler_rtti_exceptions=no
lt_cv_prog_compiler_static_works=yes
lt_cv_prog_gnu_ld=yes
lt_cv_sys_global_symbol_pipe='sed -n -e '\''s/^.*[	 ]\([ABCDGIRSTW][ABCDGIRSTW]*\)[	 ][	 ]*\([_A-Za-z][_A-Za-z0-9]*\)$/\1 \2 \2/p'\'''
lt_cv_sys_global_symbol_to_c_name_address='sed -n -e '\''s/^: \([^ ]*\) $/  {\"\1\", (void *) 0},/p'\'' -e '\''s/^[ABCDGIRSTW]* \([^ ]*\) \([^ ]*\)$/  {"\2", (void *) \&\2},/p'\'''
lt_cv_sys_global_symbol_to_c_name_address_lib_prefix='sed -n -e '\''s/^: \([^ ]*\) $/  {\"\1\", (void *) 0},/p'\'' -e '\''s/^[ABCDGIRSTW]* \([^ ]*\) \(lib[^ ]*\)$/  {"\2", (void *) \&\2},/p'\'' -e '\''s/^[ABCDGIRSTW]* \([^ ]*\) \([^ ]*\)$/  {"lib\2", (void *) \&\2},/p'\'''
lt_cv_sys_global_symbol_to_cdecl='sed -n -e '\''s/^T .* \(.*\)$/extern int \1();/p'\'' -e '\''s/^[ABCDGIRSTW]* .* \(.*\)$/extern char \1;/p'\'''
lt_cv_sys_max_cmd_len=3458764513820540925

## ----------------- ##
## Output variables. ##
## ----------------- ##

ACLOCAL='${SHELL} /home/wangchao/aw2.0.18sp8_new/aw2.0.18sp8_pb/src/dg/iptables/debsrc/iptables-1.4.20/build-aux/missing --run aclocal-1.11'
AMDEPBACKSLASH='\'
AMDEP_FALSE='#'
AMDEP_TRUE=''
AMTAR='${SHELL} /home/wangchao/aw2.0.18sp8_new/aw2.0.18sp8_pb/src/dg/iptables/debsrc/iptables-1.4.20/build-aux/missing --run tar'
AR='mips-linux-gnu-ar'
AUTOCONF='${SHELL} /home/wangchao/aw2.0.18sp8_new/aw2.0.18sp8_pb/src/dg/iptables/debsrc/iptables-1.4.20/build-aux/missing --run autoconf'
AUTOHEADER='${SHELL} /home/wangchao/aw2.0.18sp8_new/aw2.0.18sp8_pb/src/dg/iptables/debsrc/iptables-1.4.20/build-aux/missing --run autoheader'
AUTOMAKE='${SHELL} /home/wangchao/aw2.0.18sp8_new/aw2.0.18sp8_pb/src/dg/iptables/debsrc/iptables-1.4.20/build-aux/missing --run automake-1.11'
AWK='gawk'
CC='mips-linux-gnu-gcc'
CCDEPMODE='depmode=gcc3'
CFLAGS='-g -O2'
CPP='mips-linux-gnu-gcc -E'
CPPFLAGS=''
CYGPATH_W='echo'
DEFS='-DHAVE_CONFIG_H'
DEPDIR='.deps'
DSYMUTIL=''
DUMPBIN=''
ECHO_C=''
ECHO_N='-n'
ECHO_T=''
EGREP='/bin/grep -E'
ENABLE_BPFC_FALSE=''
ENABLE_BPFC_TRUE='#'
ENABLE_DEVEL_FALSE='#'
ENABLE_DEVEL_TRUE=''
ENABLE_IPV4_FALSE='#'
ENABLE_IPV4_TRUE=''
ENABLE_IPV6_FALSE='#'
ENABLE_IPV6_TRUE=''
ENABLE_LARGEFILE_FALSE='#'
ENABLE_LARGEFILE_TRUE=''
ENABLE_LIBIPQ_FALSE=''
ENABLE_LIBIPQ_TRUE='#'
ENABLE_SHARED_FALSE='#'
ENABLE_SHARED_TRUE=''
ENABLE_STATIC_FALSE=''
ENABLE_STATIC_TRUE='#'
EXEEXT=''
FGREP='/bin/grep -F'
GREP='/bin/grep'
HAVE_LIBNETFILTER_CONNTRACK_FALSE=''
HAVE_LIBNETFILTER_CONNTRACK_TRUE='#'
HAVE_LIBNFNETLINK_FALSE=''
HAVE_LIBNFNETLINK_TRUE='#'
INSTALL_DATA='${INSTALL} -m 644'
INSTALL_PROGRAM='${INSTALL}'
INSTALL_SCRIPT='${INSTALL}'
INSTALL_STRIP_PROGRAM='$(install_sh) -c -s'
LD='mips-linux-gnu-ld'
LDFLAGS=''
LIBOBJS=''
LIBS=''
LIBTOOL='$(SHELL) $(top_builddir)/libtool'
LIPO=''
LN_S='ln -s'
LTLIBOBJS=''
MAKEINFO='${SHELL} /home/wangchao/aw2.0.18sp8_new/aw2.0.18sp8_pb/src/dg/iptables/debsrc/iptables-1.4.20/build-aux/missing --run makeinfo'
MKDIR_P='/bin/mkdir -p'
NM='mips-linux-gnu-nm'
NMEDIT=''
OBJDUMP='mips-linux-gnu-objdump'
OBJEXT='o'
OTOOL64=''
OTOOL=''
PACKAGE='iptables'
PACKAGE_BUGREPORT=''
PACKAGE_NAME='iptables'
PACKAGE_STRING='iptables 1.4.20'
PACKAGE_TARNAME='iptables'
PACKAGE_URL=''
PACKAGE_VERSION='1.4.20'
PATH_SEPARATOR=':'
PKG_CONFIG='/usr/bin/pkg-config'
PKG_CONFIG_LIBDIR=''
PKG_CONFIG_PATH=''
RANLIB='mips-linux-gnu-ranlib'
SED='/bin/sed'
SET_MAKE=''
SHELL='/bin/sh'
STRIP='mips-linux-gnu-strip'
VERSION='1.4.20'
ac_ct_CC=''
ac_ct_DUMPBIN=''
am__EXEEXT_FALSE=''
am__EXEEXT_TRUE='#'
am__fastdepCC_FALSE='#'
am__fastdepCC_TRUE=''
am__include='include'
am__isrc=''
am__leading_dot='.'
am__quote=''
am__tar='${AMTAR} chof - "$$tardir"'
am__untar='${AMTAR} xf -'
bindir='${exec_prefix}/bin'
blacklist_modules=' ipvs connlabel'
build='x86_64-unknown-linux-gnu'
build_alias=''
build_cpu='x86_64'
build_os='linux-gnu'
build_vendor='unknown'
datadir='${datarootdir}'
datarootdir='${prefix}/share'
docdir='${datarootdir}/doc/${PACKAGE_TARNAME}'
dvidir='${docdir}'
exec_prefix='${prefix}'
host='mips-unknown-linux-gnu'
host_alias='mips-linux-gnu'
host_cpu='mips'
host_os='linux-gnu'
host_vendor='unknown'
htmldir='${docdir}'
includedir='${prefix}/include'
infodir='${datarootdir}/info'
install_sh='${SHELL} /home/wangchao/aw2.0.18sp8_new/aw2.0.18sp8_pb/src/dg/iptables/debsrc/iptables-1.4.20/build-aux/install-sh'
kbuilddir='/home/wangchao/aw2.0.18sp8_new/aw2.0.18sp8_pb/src/kernel2.6.32.27cn'
kinclude_CPPFLAGS=' -I/home/wangchao/aw2.0.18sp8_new/aw2.0.18sp8_pb/src/kernel2.6.32.27cn/include/uapi -I/home/wangchao/aw2.0.18sp8_new/aw2.0.18sp8_pb/src/kernel2.6.32.27cn/include -I/home/wangchao/aw2.0.18sp8_new/aw2.0.18sp8_pb/src/kernel2.6.32.27cn/include/uapi -I/home/wangchao/aw2.0.18sp8_new/aw2.0.18sp8_pb/src/kernel2.6.32.27cn/include'
ksourcedir='/home/wangchao/aw2.0.18sp8_new/aw2.0.18sp8_pb/src/kernel2.6.32.27cn'
libdir='${exec_prefix}/lib'
libexecdir='${exec_prefix}/libexec'
libiptc_LDFLAGS2='-Wl,--no-as-needed'
libnetfilter_conntrack_CFLAGS=''
libnetfilter_conntrack_LIBS=''
libnfnetlink_CFLAGS=''
libnfnetlink_LIBS=''
libxtables_vage='0'
libxtables_vcurrent='10'
libxtables_vmajor='10'
localedir='${datarootdir}/locale'
localstatedir='${prefix}/var'
lt_ECHO='echo'
mandir='${datarootdir}/man'
mkdir_p='/bin/mkdir -p'
noundef_LDFLAGS='-Wl,--no-undefined'
oldincludedir='/usr/include'
pdfdir='${docdir}'
pkgconfigdir='${libdir}/pkgconfig'
pkgdatadir='${datadir}/xtables'
prefix='/opt'
program_transform_name='s,x,x,'
psdir='${docdir}'
regular_CFLAGS='-Wall -Waggregate-return -Wmissing-declarations 	-Wmissing-prototypes -Wredundant-decls -Wshadow -Wstrict-prototypes 	-Winline -pipe'
regular_CPPFLAGS='-D_LARGEFILE_SOURCE=1 -D_LARGE_FILES -D_FILE_OFFSET_BITS=64 -D_REENTRANT 	-DXTABLES_LIBDIR=\"${xtlibdir}\" -DXTABLES_INTERNAL'
sbindir='${exec_prefix}/sbin'
sharedstatedir='${prefix}/com'
sysconfdir='${prefix}/etc'
target_alias=''
xtlibdir='/opt/lib/iptables'

## ----------- ##
## confdefs.h. ##
## ----------- ##

/* confdefs.h */
#define PACKAGE_NAME "iptables"
#define PACKAGE_TARNAME "iptables"
#define PACKAGE_VERSION "1.4.20"
#define PACKAGE_STRING "iptables 1.4.20"
#define PACKAGE_BUGREPORT ""
#define PACKAGE_URL ""
#define PACKAGE "iptables"
#define VERSION "1.4.20"
#define STDC_HEADERS 1
#define HAVE_SYS_TYPES_H 1
#define HAVE_SYS_STAT_H 1
#define HAVE_STDLIB_H 1
#define HAVE_STRING_H 1
#define HAVE_MEMORY_H 1
#define HAVE_STRINGS_H 1
#define HAVE_INTTYPES_H 1
#define HAVE_STDINT_H 1
#define HAVE_UNISTD_H 1
#define HAVE_DLFCN_H 1
#define LT_OBJDIR ".libs/"
#define HAVE_LINUX_DCCP_H 1
#define SIZEOF_STRUCT_IP6_HDR 40

configure: exit 0

## ---------------------- ##
## Running config.status. ##
## ---------------------- ##

This file was extended by iptables config.status 1.4.20, which was
generated by GNU Autoconf 2.67.  Invocation command line was

  CONFIG_FILES    = 
  CONFIG_HEADERS  = 
  CONFIG_LINKS    = 
  CONFIG_COMMANDS = 
  $ ./config.status iptables/iptables.8

on rsev

config.status:1133: creating iptables/iptables.8

## ---------------------- ##
## Running config.status. ##
## ---------------------- ##

This file was extended by iptables config.status 1.4.20, which was
generated by GNU Autoconf 2.67.  Invocation command line was

  CONFIG_FILES    = 
  CONFIG_HEADERS  = 
  CONFIG_LINKS    = 
  CONFIG_COMMANDS = 
  $ ./config.status iptables/iptables.8

on new18

config.status:1133: creating iptables/iptables.8
