This file contains any messages produced by compilers while
running configure, to aid debugging if configure makes a mistake.

It was created by DHCP configure 4.1.1, which was
generated by GNU Autoconf 2.62.  Invocation command line was

  $ ./configure --host=mips-linux-gnu --with-srv-lease-file=/var/lib/dhcp4/dhcp6d.leases

## --------- ##
## Platform. ##
## --------- ##

hostname = new18
uname -m = x86_64
uname -r = 2.6.32-5-amd64
uname -s = Linux
uname -v = #1 SMP Sun May 6 04:00:17 UTC 2012

/usr/bin/uname -p = unknown
/bin/uname -X     = unknown

/bin/arch              = unknown
/usr/bin/arch -k       = unknown
/usr/convex/getsysinfo = unknown
/usr/bin/hostinfo      = unknown
/bin/machine           = unknown
/usr/bin/oslevel       = unknown
/bin/universe          = unknown

PATH: /opt/CN/SDK2.2/tools/bin
PATH: /opt/CN/SDK2.2/host/bin
PATH: /usr/local/bin
PATH: /usr/bin
PATH: /usr/sbin
PATH: /sbin
PATH: /bin


## ----------- ##
## Core tests. ##
## ----------- ##

configure:1929: checking for a BSD-compatible install
configure:1997: result: /usr/bin/install -c
configure:2008: checking whether build environment is sane
configure:2051: result: yes
configure:2113: checking for gawk
configure:2129: found /usr/bin/gawk
configure:2140: result: gawk
configure:2151: checking whether make sets $(MAKE)
configure:2173: result: yes
configure:2249: checking for mips-linux-gnu-strip
configure:2276: result: mips-linux-gnu-strip
configure:2372: checking for mips-linux-gnu-gcc
configure:2399: result: mips-linux-gnu-gcc
configure:2677: checking for C compiler version
configure:2685: mips-linux-gnu-gcc --version >&5
mips-linux-gnu-gcc (GCC) 4.1.2 20061115 (prerelease) (Debian 4.1.1-21)
Copyright (C) 2006 Free Software Foundation, Inc.
This is free software; see the source for copying conditions.  There is NO
warranty; not even for MERCHANTABILITY or FITNESS FOR A PARTICULAR PURPOSE.

configure:2689: $? = 0
configure:2696: mips-linux-gnu-gcc -v >&5
Using built-in specs.
Target: mips-linux-gnu
Configured with: ../src/configure -v --enable-languages=c,c++ --prefix=/usr --enable-shared --with-system-zlib --libexecdir=/usr/lib --without-included-gettext --enable-threads=posix --enable-nls --with-gxx-include-dir=/usr/mips-linux-gnu/include/c++/4.1.2 --program-suffix=-4.1 --enable-__cxa_atexit --enable-clocale=gnu --enable-libstdcxx-debug --disable-libssp --enable-checking=release --program-prefix=mips-linux-gnu- --includedir=/usr/mips-linux-gnu/include --build=x86_64-linux-gnu --host=x86_64-linux-gnu --target=mips-linux-gnu
Thread model: posix
gcc version 4.1.2 20061115 (prerelease) (Debian 4.1.1-21)
configure:2700: $? = 0
configure:2707: mips-linux-gnu-gcc -V >&5
mips-linux-gnu-gcc: '-V' option must have argument
configure:2711: $? = 1
configure:2734: checking for C compiler default output file name
configure:2756: mips-linux-gnu-gcc    conftest.c  >&5
configure:2760: $? = 0
configure:2798: result: a.out
configure:2815: checking whether the C compiler works
configure:2825: ./a.out
./configure: line 2827: ./a.out: cannot execute binary file
configure:2829: $? = 126
configure:2846: result: yes
configure:2853: checking whether we are cross compiling
configure:2855: result: yes
configure:2858: checking for suffix of executables
configure:2865: mips-linux-gnu-gcc -o conftest    conftest.c  >&5
configure:2869: $? = 0
configure:2893: result: 
configure:2899: checking for suffix of object files
configure:2925: mips-linux-gnu-gcc -c   conftest.c >&5
configure:2929: $? = 0
configure:2952: result: o
configure:2956: checking whether we are using the GNU C compiler
configure:2985: mips-linux-gnu-gcc -c   conftest.c >&5
configure:2992: $? = 0
configure:3009: result: yes
configure:3018: checking whether mips-linux-gnu-gcc accepts -g
configure:3048: mips-linux-gnu-gcc -c -g  conftest.c >&5
configure:3055: $? = 0
configure:3156: result: yes
configure:3173: checking for mips-linux-gnu-gcc option to accept ISO C89
configure:3247: mips-linux-gnu-gcc  -c -g -O2  conftest.c >&5
configure:3254: $? = 0
configure:3277: result: none needed
configure:3306: checking for style of include used by make
configure:3334: result: GNU
configure:3362: checking dependency style of mips-linux-gnu-gcc
configure:3452: result: gcc3
configure:3492: checking how to run the C preprocessor
configure:3532: mips-linux-gnu-gcc -E  conftest.c
configure:3539: $? = 0
configure:3570: mips-linux-gnu-gcc -E  conftest.c
conftest.c:10:28: error: ac_nonexistent.h: No such file or directory
configure:3577: $? = 1
configure: failed program was:
| /* confdefs.h.  */
| #define PACKAGE_NAME "DHCP"
| #define PACKAGE_TARNAME "dhcp"
| #define PACKAGE_VERSION "4.1.1"
| #define PACKAGE_STRING "DHCP 4.1.1"
| #define PACKAGE_BUGREPORT "dhcp-users@isc.org"
| #define PACKAGE "dhcp"
| #define VERSION "4.1.1"
| /* end confdefs.h.  */
| #include <ac_nonexistent.h>
configure:3610: result: mips-linux-gnu-gcc -E
configure:3639: mips-linux-gnu-gcc -E  conftest.c
configure:3646: $? = 0
configure:3677: mips-linux-gnu-gcc -E  conftest.c
conftest.c:10:28: error: ac_nonexistent.h: No such file or directory
configure:3684: $? = 1
configure: failed program was:
| /* confdefs.h.  */
| #define PACKAGE_NAME "DHCP"
| #define PACKAGE_TARNAME "dhcp"
| #define PACKAGE_VERSION "4.1.1"
| #define PACKAGE_STRING "DHCP 4.1.1"
| #define PACKAGE_BUGREPORT "dhcp-users@isc.org"
| #define PACKAGE "dhcp"
| #define VERSION "4.1.1"
| /* end confdefs.h.  */
| #include <ac_nonexistent.h>
configure:3722: checking for grep that handles long lines and -e
configure:3782: result: /bin/grep
configure:3787: checking for egrep
configure:3851: result: /bin/grep -E
configure:3856: checking for ANSI C header files
configure:3886: mips-linux-gnu-gcc -c -g -O2  conftest.c >&5
configure:3893: $? = 0
configure:4024: result: yes
configure:4048: checking for sys/types.h
configure:4069: mips-linux-gnu-gcc -c -g -O2  conftest.c >&5
configure:4076: $? = 0
configure:4093: result: yes
configure:4048: checking for sys/stat.h
configure:4069: mips-linux-gnu-gcc -c -g -O2  conftest.c >&5
configure:4076: $? = 0
configure:4093: result: yes
configure:4048: checking for stdlib.h
configure:4069: mips-linux-gnu-gcc -c -g -O2  conftest.c >&5
configure:4076: $? = 0
configure:4093: result: yes
configure:4048: checking for string.h
configure:4069: mips-linux-gnu-gcc -c -g -O2  conftest.c >&5
configure:4076: $? = 0
configure:4093: result: yes
configure:4048: checking for memory.h
configure:4069: mips-linux-gnu-gcc -c -g -O2  conftest.c >&5
configure:4076: $? = 0
configure:4093: result: yes
configure:4048: checking for strings.h
configure:4069: mips-linux-gnu-gcc -c -g -O2  conftest.c >&5
configure:4076: $? = 0
configure:4093: result: yes
configure:4048: checking for inttypes.h
configure:4069: mips-linux-gnu-gcc -c -g -O2  conftest.c >&5
configure:4076: $? = 0
configure:4093: result: yes
configure:4048: checking for stdint.h
configure:4069: mips-linux-gnu-gcc -c -g -O2  conftest.c >&5
configure:4076: $? = 0
configure:4093: result: yes
configure:4048: checking for unistd.h
configure:4069: mips-linux-gnu-gcc -c -g -O2  conftest.c >&5
configure:4076: $? = 0
configure:4093: result: yes
configure:4117: checking minix/config.h usability
configure:4134: mips-linux-gnu-gcc -c -g -O2  conftest.c >&5
conftest.c:53:26: error: minix/config.h: No such file or directory
configure:4141: $? = 1
configure: failed program was:
| /* confdefs.h.  */
| #define PACKAGE_NAME "DHCP"
| #define PACKAGE_TARNAME "dhcp"
| #define PACKAGE_VERSION "4.1.1"
| #define PACKAGE_STRING "DHCP 4.1.1"
| #define PACKAGE_BUGREPORT "dhcp-users@isc.org"
| #define PACKAGE "dhcp"
| #define VERSION "4.1.1"
| #define STDC_HEADERS 1
| #define HAVE_SYS_TYPES_H 1
| #define HAVE_SYS_STAT_H 1
| #define HAVE_STDLIB_H 1
| #define HAVE_STRING_H 1
| #define HAVE_MEMORY_H 1
| #define HAVE_STRINGS_H 1
| #define HAVE_INTTYPES_H 1
| #define HAVE_STDINT_H 1
| #define HAVE_UNISTD_H 1
| /* end confdefs.h.  */
| #include <stdio.h>
| #ifdef HAVE_SYS_TYPES_H
| # include <sys/types.h>
| #endif
| #ifdef HAVE_SYS_STAT_H
| # include <sys/stat.h>
| #endif
| #ifdef STDC_HEADERS
| # include <stdlib.h>
| # include <stddef.h>
| #else
| # ifdef HAVE_STDLIB_H
| #  include <stdlib.h>
| # endif
| #endif
| #ifdef HAVE_STRING_H
| # if !defined STDC_HEADERS && defined HAVE_MEMORY_H
| #  include <memory.h>
| # endif
| # include <string.h>
| #endif
| #ifdef HAVE_STRINGS_H
| # include <strings.h>
| #endif
| #ifdef HAVE_INTTYPES_H
| # include <inttypes.h>
| #endif
| #ifdef HAVE_STDINT_H
| # include <stdint.h>
| #endif
| #ifdef HAVE_UNISTD_H
| # include <unistd.h>
| #endif
| #include <minix/config.h>
configure:4155: result: no
configure:4159: checking minix/config.h presence
configure:4174: mips-linux-gnu-gcc -E  conftest.c
conftest.c:20:26: error: minix/config.h: No such file or directory
configure:4181: $? = 1
configure: failed program was:
| /* confdefs.h.  */
| #define PACKAGE_NAME "DHCP"
| #define PACKAGE_TARNAME "dhcp"
| #define PACKAGE_VERSION "4.1.1"
| #define PACKAGE_STRING "DHCP 4.1.1"
| #define PACKAGE_BUGREPORT "dhcp-users@isc.org"
| #define PACKAGE "dhcp"
| #define VERSION "4.1.1"
| #define STDC_HEADERS 1
| #define HAVE_SYS_TYPES_H 1
| #define HAVE_SYS_STAT_H 1
| #define HAVE_STDLIB_H 1
| #define HAVE_STRING_H 1
| #define HAVE_MEMORY_H 1
| #define HAVE_STRINGS_H 1
| #define HAVE_INTTYPES_H 1
| #define HAVE_STDINT_H 1
| #define HAVE_UNISTD_H 1
| /* end confdefs.h.  */
| #include <minix/config.h>
configure:4195: result: no
configure:4228: checking for minix/config.h
configure:4235: result: no
configure:4266: checking whether it is safe to define __EXTENSIONS__
configure:4294: mips-linux-gnu-gcc -c -g -O2  conftest.c >&5
configure:4301: $? = 0
configure:4316: result: yes
configure:4344: checking for mips-linux-gnu-ranlib
configure:4371: result: mips-linux-gnu-ranlib
configure:4442: checking whether byte ordering is bigendian
configure:4467: mips-linux-gnu-gcc -c -g -O2  conftest.c >&5
conftest.c:26: error: expected '=', ',', ';', 'asm' or '__attribute__' before 'is'
configure:4474: $? = 1
configure: failed program was:
| /* confdefs.h.  */
| #define PACKAGE_NAME "DHCP"
| #define PACKAGE_TARNAME "dhcp"
| #define PACKAGE_VERSION "4.1.1"
| #define PACKAGE_STRING "DHCP 4.1.1"
| #define PACKAGE_BUGREPORT "dhcp-users@isc.org"
| #define PACKAGE "dhcp"
| #define VERSION "4.1.1"
| #define STDC_HEADERS 1
| #define HAVE_SYS_TYPES_H 1
| #define HAVE_SYS_STAT_H 1
| #define HAVE_STDLIB_H 1
| #define HAVE_STRING_H 1
| #define HAVE_MEMORY_H 1
| #define HAVE_STRINGS_H 1
| #define HAVE_INTTYPES_H 1
| #define HAVE_STDINT_H 1
| #define HAVE_UNISTD_H 1
| #define __EXTENSIONS__ 1
| #define _ALL_SOURCE 1
| #define _GNU_SOURCE 1
| #define _POSIX_PTHREAD_SEMANTICS 1
| #define _TANDEM_SOURCE 1
| /* end confdefs.h.  */
| #if ! (defined __BIG_ENDIAN__ || defined __LITTLE_ENDIAN__)
| 	       neither is defined;
| 	     #endif
| 	     typedef int dummy;
| 
configure:4518: mips-linux-gnu-gcc -c -g -O2  conftest.c >&5
configure:4525: $? = 0
configure:4557: mips-linux-gnu-gcc -c -g -O2  conftest.c >&5
configure:4564: $? = 0
configure:4816: result: yes
configure:4997: checking for dhcpd
configure:5030: result: no
configure:5288: checking for int8_t
configure:5319: mips-linux-gnu-gcc -c -g -O2  conftest.c >&5
configure:5326: $? = 0
configure:5355: mips-linux-gnu-gcc -c -g -O2  conftest.c >&5
conftest.c: In function 'main':
conftest.c:68: error: size of array 'test_array' is negative
configure:5362: $? = 1
configure: failed program was:
| /* confdefs.h.  */
| #define PACKAGE_NAME "DHCP"
| #define PACKAGE_TARNAME "dhcp"
| #define PACKAGE_VERSION "4.1.1"
| #define PACKAGE_STRING "DHCP 4.1.1"
| #define PACKAGE_BUGREPORT "dhcp-users@isc.org"
| #define PACKAGE "dhcp"
| #define VERSION "4.1.1"
| #define STDC_HEADERS 1
| #define HAVE_SYS_TYPES_H 1
| #define HAVE_SYS_STAT_H 1
| #define HAVE_STDLIB_H 1
| #define HAVE_STRING_H 1
| #define HAVE_MEMORY_H 1
| #define HAVE_STRINGS_H 1
| #define HAVE_INTTYPES_H 1
| #define HAVE_STDINT_H 1
| #define HAVE_UNISTD_H 1
| #define __EXTENSIONS__ 1
| #define _ALL_SOURCE 1
| #define _GNU_SOURCE 1
| #define _POSIX_PTHREAD_SEMANTICS 1
| #define _TANDEM_SOURCE 1
| #define DHCP_BYTE_ORDER BIG_ENDIAN
| #define FAILOVER_PROTOCOL 1
| #define ENABLE_EXECUTE 1
| #define TRACING 1
| #define DHCPv6 1
| #define _PATH_DHCPD_DB "/var/lib/dhcp4/dhcp6d.leases"
| /* end confdefs.h.  */
| #include <stdio.h>
| #ifdef HAVE_SYS_TYPES_H
| # include <sys/types.h>
| #endif
| #ifdef HAVE_SYS_STAT_H
| # include <sys/stat.h>
| #endif
| #ifdef STDC_HEADERS
| # include <stdlib.h>
| # include <stddef.h>
| #else
| # ifdef HAVE_STDLIB_H
| #  include <stdlib.h>
| # endif
| #endif
| #ifdef HAVE_STRING_H
| # if !defined STDC_HEADERS && defined HAVE_MEMORY_H
| #  include <memory.h>
| # endif
| # include <string.h>
| #endif
| #ifdef HAVE_STRINGS_H
| # include <strings.h>
| #endif
| #ifdef HAVE_INTTYPES_H
| # include <inttypes.h>
| #endif
| #ifdef HAVE_STDINT_H
| # include <stdint.h>
| #endif
| #ifdef HAVE_UNISTD_H
| # include <unistd.h>
| #endif
| int
| main ()
| {
| static int test_array [1 - 2 * !((int8_t) ((((int8_t) 1 << (8 - 2)) - 1) * 2 + 1)
| 		 < (int8_t) ((((int8_t) 1 << (8 - 2)) - 1) * 2 + 2))];
| test_array [0] = 0
| 
|   ;
|   return 0;
| }
configure:5391: result: yes
configure:5404: checking for int16_t
configure:5435: mips-linux-gnu-gcc -c -g -O2  conftest.c >&5
configure:5442: $? = 0
configure:5471: mips-linux-gnu-gcc -c -g -O2  conftest.c >&5
conftest.c: In function 'main':
conftest.c:68: error: size of array 'test_array' is negative
configure:5478: $? = 1
configure: failed program was:
| /* confdefs.h.  */
| #define PACKAGE_NAME "DHCP"
| #define PACKAGE_TARNAME "dhcp"
| #define PACKAGE_VERSION "4.1.1"
| #define PACKAGE_STRING "DHCP 4.1.1"
| #define PACKAGE_BUGREPORT "dhcp-users@isc.org"
| #define PACKAGE "dhcp"
| #define VERSION "4.1.1"
| #define STDC_HEADERS 1
| #define HAVE_SYS_TYPES_H 1
| #define HAVE_SYS_STAT_H 1
| #define HAVE_STDLIB_H 1
| #define HAVE_STRING_H 1
| #define HAVE_MEMORY_H 1
| #define HAVE_STRINGS_H 1
| #define HAVE_INTTYPES_H 1
| #define HAVE_STDINT_H 1
| #define HAVE_UNISTD_H 1
| #define __EXTENSIONS__ 1
| #define _ALL_SOURCE 1
| #define _GNU_SOURCE 1
| #define _POSIX_PTHREAD_SEMANTICS 1
| #define _TANDEM_SOURCE 1
| #define DHCP_BYTE_ORDER BIG_ENDIAN
| #define FAILOVER_PROTOCOL 1
| #define ENABLE_EXECUTE 1
| #define TRACING 1
| #define DHCPv6 1
| #define _PATH_DHCPD_DB "/var/lib/dhcp4/dhcp6d.leases"
| /* end confdefs.h.  */
| #include <stdio.h>
| #ifdef HAVE_SYS_TYPES_H
| # include <sys/types.h>
| #endif
| #ifdef HAVE_SYS_STAT_H
| # include <sys/stat.h>
| #endif
| #ifdef STDC_HEADERS
| # include <stdlib.h>
| # include <stddef.h>
| #else
| # ifdef HAVE_STDLIB_H
| #  include <stdlib.h>
| # endif
| #endif
| #ifdef HAVE_STRING_H
| # if !defined STDC_HEADERS && defined HAVE_MEMORY_H
| #  include <memory.h>
| # endif
| # include <string.h>
| #endif
| #ifdef HAVE_STRINGS_H
| # include <strings.h>
| #endif
| #ifdef HAVE_INTTYPES_H
| # include <inttypes.h>
| #endif
| #ifdef HAVE_STDINT_H
| # include <stdint.h>
| #endif
| #ifdef HAVE_UNISTD_H
| # include <unistd.h>
| #endif
| int
| main ()
| {
| static int test_array [1 - 2 * !((int16_t) ((((int16_t) 1 << (16 - 2)) - 1) * 2 + 1)
| 		 < (int16_t) ((((int16_t) 1 << (16 - 2)) - 1) * 2 + 2))];
| test_array [0] = 0
| 
|   ;
|   return 0;
| }
configure:5507: result: yes
configure:5520: checking for int32_t
configure:5551: mips-linux-gnu-gcc -c -g -O2  conftest.c >&5
configure:5558: $? = 0
configure:5587: mips-linux-gnu-gcc -c -g -O2  conftest.c >&5
conftest.c: In function 'main':
conftest.c:68: warning: integer overflow in expression
conftest.c:68: error: size of array 'test_array' is negative
configure:5594: $? = 1
configure: failed program was:
| /* confdefs.h.  */
| #define PACKAGE_NAME "DHCP"
| #define PACKAGE_TARNAME "dhcp"
| #define PACKAGE_VERSION "4.1.1"
| #define PACKAGE_STRING "DHCP 4.1.1"
| #define PACKAGE_BUGREPORT "dhcp-users@isc.org"
| #define PACKAGE "dhcp"
| #define VERSION "4.1.1"
| #define STDC_HEADERS 1
| #define HAVE_SYS_TYPES_H 1
| #define HAVE_SYS_STAT_H 1
| #define HAVE_STDLIB_H 1
| #define HAVE_STRING_H 1
| #define HAVE_MEMORY_H 1
| #define HAVE_STRINGS_H 1
| #define HAVE_INTTYPES_H 1
| #define HAVE_STDINT_H 1
| #define HAVE_UNISTD_H 1
| #define __EXTENSIONS__ 1
| #define _ALL_SOURCE 1
| #define _GNU_SOURCE 1
| #define _POSIX_PTHREAD_SEMANTICS 1
| #define _TANDEM_SOURCE 1
| #define DHCP_BYTE_ORDER BIG_ENDIAN
| #define FAILOVER_PROTOCOL 1
| #define ENABLE_EXECUTE 1
| #define TRACING 1
| #define DHCPv6 1
| #define _PATH_DHCPD_DB "/var/lib/dhcp4/dhcp6d.leases"
| /* end confdefs.h.  */
| #include <stdio.h>
| #ifdef HAVE_SYS_TYPES_H
| # include <sys/types.h>
| #endif
| #ifdef HAVE_SYS_STAT_H
| # include <sys/stat.h>
| #endif
| #ifdef STDC_HEADERS
| # include <stdlib.h>
| # include <stddef.h>
| #else
| # ifdef HAVE_STDLIB_H
| #  include <stdlib.h>
| # endif
| #endif
| #ifdef HAVE_STRING_H
| # if !defined STDC_HEADERS && defined HAVE_MEMORY_H
| #  include <memory.h>
| # endif
| # include <string.h>
| #endif
| #ifdef HAVE_STRINGS_H
| # include <strings.h>
| #endif
| #ifdef HAVE_INTTYPES_H
| # include <inttypes.h>
| #endif
| #ifdef HAVE_STDINT_H
| # include <stdint.h>
| #endif
| #ifdef HAVE_UNISTD_H
| # include <unistd.h>
| #endif
| int
| main ()
| {
| static int test_array [1 - 2 * !((int32_t) ((((int32_t) 1 << (32 - 2)) - 1) * 2 + 1)
| 		 < (int32_t) ((((int32_t) 1 << (32 - 2)) - 1) * 2 + 2))];
| test_array [0] = 0
| 
|   ;
|   return 0;
| }
configure:5623: result: yes
configure:5637: checking for u_int8_t
configure:5665: mips-linux-gnu-gcc -c -g -O2  conftest.c >&5
configure:5672: $? = 0
configure:5699: mips-linux-gnu-gcc -c -g -O2  conftest.c >&5
conftest.c: In function 'main':
conftest.c:67: error: expected expression before ')' token
configure:5706: $? = 1
configure: failed program was:
| /* confdefs.h.  */
| #define PACKAGE_NAME "DHCP"
| #define PACKAGE_TARNAME "dhcp"
| #define PACKAGE_VERSION "4.1.1"
| #define PACKAGE_STRING "DHCP 4.1.1"
| #define PACKAGE_BUGREPORT "dhcp-users@isc.org"
| #define PACKAGE "dhcp"
| #define VERSION "4.1.1"
| #define STDC_HEADERS 1
| #define HAVE_SYS_TYPES_H 1
| #define HAVE_SYS_STAT_H 1
| #define HAVE_STDLIB_H 1
| #define HAVE_STRING_H 1
| #define HAVE_MEMORY_H 1
| #define HAVE_STRINGS_H 1
| #define HAVE_INTTYPES_H 1
| #define HAVE_STDINT_H 1
| #define HAVE_UNISTD_H 1
| #define __EXTENSIONS__ 1
| #define _ALL_SOURCE 1
| #define _GNU_SOURCE 1
| #define _POSIX_PTHREAD_SEMANTICS 1
| #define _TANDEM_SOURCE 1
| #define DHCP_BYTE_ORDER BIG_ENDIAN
| #define FAILOVER_PROTOCOL 1
| #define ENABLE_EXECUTE 1
| #define TRACING 1
| #define DHCPv6 1
| #define _PATH_DHCPD_DB "/var/lib/dhcp4/dhcp6d.leases"
| /* end confdefs.h.  */
| #include <stdio.h>
| #ifdef HAVE_SYS_TYPES_H
| # include <sys/types.h>
| #endif
| #ifdef HAVE_SYS_STAT_H
| # include <sys/stat.h>
| #endif
| #ifdef STDC_HEADERS
| # include <stdlib.h>
| # include <stddef.h>
| #else
| # ifdef HAVE_STDLIB_H
| #  include <stdlib.h>
| # endif
| #endif
| #ifdef HAVE_STRING_H
| # if !defined STDC_HEADERS && defined HAVE_MEMORY_H
| #  include <memory.h>
| # endif
| # include <string.h>
| #endif
| #ifdef HAVE_STRINGS_H
| # include <strings.h>
| #endif
| #ifdef HAVE_INTTYPES_H
| # include <inttypes.h>
| #endif
| #ifdef HAVE_STDINT_H
| # include <stdint.h>
| #endif
| #ifdef HAVE_UNISTD_H
| # include <unistd.h>
| #endif
| int
| main ()
| {
| if (sizeof ((u_int8_t)))
| 	  return 0;
|   ;
|   return 0;
| }
configure:5729: result: yes
configure:5820: checking for u_int16_t
configure:5848: mips-linux-gnu-gcc -c -g -O2  conftest.c >&5
configure:5855: $? = 0
configure:5882: mips-linux-gnu-gcc -c -g -O2  conftest.c >&5
conftest.c: In function 'main':
conftest.c:67: error: expected expression before ')' token
configure:5889: $? = 1
configure: failed program was:
| /* confdefs.h.  */
| #define PACKAGE_NAME "DHCP"
| #define PACKAGE_TARNAME "dhcp"
| #define PACKAGE_VERSION "4.1.1"
| #define PACKAGE_STRING "DHCP 4.1.1"
| #define PACKAGE_BUGREPORT "dhcp-users@isc.org"
| #define PACKAGE "dhcp"
| #define VERSION "4.1.1"
| #define STDC_HEADERS 1
| #define HAVE_SYS_TYPES_H 1
| #define HAVE_SYS_STAT_H 1
| #define HAVE_STDLIB_H 1
| #define HAVE_STRING_H 1
| #define HAVE_MEMORY_H 1
| #define HAVE_STRINGS_H 1
| #define HAVE_INTTYPES_H 1
| #define HAVE_STDINT_H 1
| #define HAVE_UNISTD_H 1
| #define __EXTENSIONS__ 1
| #define _ALL_SOURCE 1
| #define _GNU_SOURCE 1
| #define _POSIX_PTHREAD_SEMANTICS 1
| #define _TANDEM_SOURCE 1
| #define DHCP_BYTE_ORDER BIG_ENDIAN
| #define FAILOVER_PROTOCOL 1
| #define ENABLE_EXECUTE 1
| #define TRACING 1
| #define DHCPv6 1
| #define _PATH_DHCPD_DB "/var/lib/dhcp4/dhcp6d.leases"
| /* end confdefs.h.  */
| #include <stdio.h>
| #ifdef HAVE_SYS_TYPES_H
| # include <sys/types.h>
| #endif
| #ifdef HAVE_SYS_STAT_H
| # include <sys/stat.h>
| #endif
| #ifdef STDC_HEADERS
| # include <stdlib.h>
| # include <stddef.h>
| #else
| # ifdef HAVE_STDLIB_H
| #  include <stdlib.h>
| # endif
| #endif
| #ifdef HAVE_STRING_H
| # if !defined STDC_HEADERS && defined HAVE_MEMORY_H
| #  include <memory.h>
| # endif
| # include <string.h>
| #endif
| #ifdef HAVE_STRINGS_H
| # include <strings.h>
| #endif
| #ifdef HAVE_INTTYPES_H
| # include <inttypes.h>
| #endif
| #ifdef HAVE_STDINT_H
| # include <stdint.h>
| #endif
| #ifdef HAVE_UNISTD_H
| # include <unistd.h>
| #endif
| int
| main ()
| {
| if (sizeof ((u_int16_t)))
| 	  return 0;
|   ;
|   return 0;
| }
configure:5912: result: yes
configure:5999: checking for u_int32_t
configure:6027: mips-linux-gnu-gcc -c -g -O2  conftest.c >&5
configure:6034: $? = 0
configure:6061: mips-linux-gnu-gcc -c -g -O2  conftest.c >&5
conftest.c: In function 'main':
conftest.c:67: error: expected expression before ')' token
configure:6068: $? = 1
configure: failed program was:
| /* confdefs.h.  */
| #define PACKAGE_NAME "DHCP"
| #define PACKAGE_TARNAME "dhcp"
| #define PACKAGE_VERSION "4.1.1"
| #define PACKAGE_STRING "DHCP 4.1.1"
| #define PACKAGE_BUGREPORT "dhcp-users@isc.org"
| #define PACKAGE "dhcp"
| #define VERSION "4.1.1"
| #define STDC_HEADERS 1
| #define HAVE_SYS_TYPES_H 1
| #define HAVE_SYS_STAT_H 1
| #define HAVE_STDLIB_H 1
| #define HAVE_STRING_H 1
| #define HAVE_MEMORY_H 1
| #define HAVE_STRINGS_H 1
| #define HAVE_INTTYPES_H 1
| #define HAVE_STDINT_H 1
| #define HAVE_UNISTD_H 1
| #define __EXTENSIONS__ 1
| #define _ALL_SOURCE 1
| #define _GNU_SOURCE 1
| #define _POSIX_PTHREAD_SEMANTICS 1
| #define _TANDEM_SOURCE 1
| #define DHCP_BYTE_ORDER BIG_ENDIAN
| #define FAILOVER_PROTOCOL 1
| #define ENABLE_EXECUTE 1
| #define TRACING 1
| #define DHCPv6 1
| #define _PATH_DHCPD_DB "/var/lib/dhcp4/dhcp6d.leases"
| /* end confdefs.h.  */
| #include <stdio.h>
| #ifdef HAVE_SYS_TYPES_H
| # include <sys/types.h>
| #endif
| #ifdef HAVE_SYS_STAT_H
| # include <sys/stat.h>
| #endif
| #ifdef STDC_HEADERS
| # include <stdlib.h>
| # include <stddef.h>
| #else
| # ifdef HAVE_STDLIB_H
| #  include <stdlib.h>
| # endif
| #endif
| #ifdef HAVE_STRING_H
| # if !defined STDC_HEADERS && defined HAVE_MEMORY_H
| #  include <memory.h>
| # endif
| # include <string.h>
| #endif
| #ifdef HAVE_STRINGS_H
| # include <strings.h>
| #endif
| #ifdef HAVE_INTTYPES_H
| # include <inttypes.h>
| #endif
| #ifdef HAVE_STDINT_H
| # include <stdint.h>
| #endif
| #ifdef HAVE_UNISTD_H
| # include <unistd.h>
| #endif
| int
| main ()
| {
| if (sizeof ((u_int32_t)))
| 	  return 0;
|   ;
|   return 0;
| }
configure:6091: result: yes
configure:6200: checking ifaddrs.h usability
configure:6217: mips-linux-gnu-gcc -c -g -O2  conftest.c >&5
configure:6224: $? = 0
configure:6238: result: yes
configure:6242: checking ifaddrs.h presence
configure:6257: mips-linux-gnu-gcc -E  conftest.c
configure:6264: $? = 0
configure:6278: result: yes
configure:6311: checking for ifaddrs.h
configure:6320: result: yes
configure:6352: checking linux/types.h usability
configure:6369: mips-linux-gnu-gcc -c -g -O2  conftest.c >&5
configure:6376: $? = 0
configure:6390: result: yes
configure:6394: checking linux/types.h presence
configure:6409: mips-linux-gnu-gcc -E  conftest.c
configure:6416: $? = 0
configure:6430: result: yes
configure:6463: checking for linux/types.h
configure:6472: result: yes
configure:6487: checking for linux/filter.h
configure:6512: mips-linux-gnu-gcc -c -g -O2  conftest.c >&5
configure:6519: $? = 0
configure:6534: result: yes
configure:6848: checking for struct lifnum
configure:6875: mips-linux-gnu-gcc -c -g -O2  conftest.c >&5
conftest.c: In function 'main':
conftest.c:41: error: storage size of 'a' isn't known
configure:6882: $? = 1
configure: failed program was:
| /* confdefs.h.  */
| #define PACKAGE_NAME "DHCP"
| #define PACKAGE_TARNAME "dhcp"
| #define PACKAGE_VERSION "4.1.1"
| #define PACKAGE_STRING "DHCP 4.1.1"
| #define PACKAGE_BUGREPORT "dhcp-users@isc.org"
| #define PACKAGE "dhcp"
| #define VERSION "4.1.1"
| #define STDC_HEADERS 1
| #define HAVE_SYS_TYPES_H 1
| #define HAVE_SYS_STAT_H 1
| #define HAVE_STDLIB_H 1
| #define HAVE_STRING_H 1
| #define HAVE_MEMORY_H 1
| #define HAVE_STRINGS_H 1
| #define HAVE_INTTYPES_H 1
| #define HAVE_STDINT_H 1
| #define HAVE_UNISTD_H 1
| #define __EXTENSIONS__ 1
| #define _ALL_SOURCE 1
| #define _GNU_SOURCE 1
| #define _POSIX_PTHREAD_SEMANTICS 1
| #define _TANDEM_SOURCE 1
| #define DHCP_BYTE_ORDER BIG_ENDIAN
| #define FAILOVER_PROTOCOL 1
| #define ENABLE_EXECUTE 1
| #define TRACING 1
| #define DHCPv6 1
| #define _PATH_DHCPD_DB "/var/lib/dhcp4/dhcp6d.leases"
| #define HAVE_IFADDRS_H 1
| #define HAVE_LINUX_TYPES_H 1
| #define HAVE_LPF 1
| /* end confdefs.h.  */
|  #include <sys/types.h>
|   #include <sys/socket.h>
|   #include <net/if.h>
| 
| int
| main ()
| {
|  struct lifnum a;
| 
|   ;
|   return 0;
| }
configure:6898: result: no
configure:6904: checking for struct if_laddrconf
configure:6930: mips-linux-gnu-gcc -c -g -O2  conftest.c >&5
conftest.c:35:23: error: net/if6.h: No such file or directory
conftest.c: In function 'main':
conftest.c:40: error: storage size of 'a' isn't known
configure:6937: $? = 1
configure: failed program was:
| /* confdefs.h.  */
| #define PACKAGE_NAME "DHCP"
| #define PACKAGE_TARNAME "dhcp"
| #define PACKAGE_VERSION "4.1.1"
| #define PACKAGE_STRING "DHCP 4.1.1"
| #define PACKAGE_BUGREPORT "dhcp-users@isc.org"
| #define PACKAGE "dhcp"
| #define VERSION "4.1.1"
| #define STDC_HEADERS 1
| #define HAVE_SYS_TYPES_H 1
| #define HAVE_SYS_STAT_H 1
| #define HAVE_STDLIB_H 1
| #define HAVE_STRING_H 1
| #define HAVE_MEMORY_H 1
| #define HAVE_STRINGS_H 1
| #define HAVE_INTTYPES_H 1
| #define HAVE_STDINT_H 1
| #define HAVE_UNISTD_H 1
| #define __EXTENSIONS__ 1
| #define _ALL_SOURCE 1
| #define _GNU_SOURCE 1
| #define _POSIX_PTHREAD_SEMANTICS 1
| #define _TANDEM_SOURCE 1
| #define DHCP_BYTE_ORDER BIG_ENDIAN
| #define FAILOVER_PROTOCOL 1
| #define ENABLE_EXECUTE 1
| #define TRACING 1
| #define DHCPv6 1
| #define _PATH_DHCPD_DB "/var/lib/dhcp4/dhcp6d.leases"
| #define HAVE_IFADDRS_H 1
| #define HAVE_LINUX_TYPES_H 1
| #define HAVE_LPF 1
| /* end confdefs.h.  */
|  #include <sys/types.h>
|   #include <net/if6.h>
| 
| int
| main ()
| {
|  struct if_laddrconf a;
| 
|   ;
|   return 0;
| }
configure:6953: result: no
configure:6959: checking for struct if_laddrreq
configure:6985: mips-linux-gnu-gcc -o conftest -g -O2   conftest.c  >&5
conftest.c:35:22: error: net/if6.h: No such file or directory
conftest.c: In function 'main':
conftest.c:40: error: storage size of 'a' isn't known
configure:6992: $? = 1
configure: failed program was:
| /* confdefs.h.  */
| #define PACKAGE_NAME "DHCP"
| #define PACKAGE_TARNAME "dhcp"
| #define PACKAGE_VERSION "4.1.1"
| #define PACKAGE_STRING "DHCP 4.1.1"
| #define PACKAGE_BUGREPORT "dhcp-users@isc.org"
| #define PACKAGE "dhcp"
| #define VERSION "4.1.1"
| #define STDC_HEADERS 1
| #define HAVE_SYS_TYPES_H 1
| #define HAVE_SYS_STAT_H 1
| #define HAVE_STDLIB_H 1
| #define HAVE_STRING_H 1
| #define HAVE_MEMORY_H 1
| #define HAVE_STRINGS_H 1
| #define HAVE_INTTYPES_H 1
| #define HAVE_STDINT_H 1
| #define HAVE_UNISTD_H 1
| #define __EXTENSIONS__ 1
| #define _ALL_SOURCE 1
| #define _GNU_SOURCE 1
| #define _POSIX_PTHREAD_SEMANTICS 1
| #define _TANDEM_SOURCE 1
| #define DHCP_BYTE_ORDER BIG_ENDIAN
| #define FAILOVER_PROTOCOL 1
| #define ENABLE_EXECUTE 1
| #define TRACING 1
| #define DHCPv6 1
| #define _PATH_DHCPD_DB "/var/lib/dhcp4/dhcp6d.leases"
| #define HAVE_IFADDRS_H 1
| #define HAVE_LINUX_TYPES_H 1
| #define HAVE_LPF 1
| /* end confdefs.h.  */
| #include <sys/types.h>
|  #include <net/if6.h>
| 
| int
| main ()
| {
|  struct if_laddrreq a;
| 
|   ;
|   return 0;
| }
configure:7011: result: no
configure:7039: checking sys/socket.h usability
configure:7056: mips-linux-gnu-gcc -c -g -O2  conftest.c >&5
configure:7063: $? = 0
configure:7077: result: yes
configure:7081: checking sys/socket.h presence
configure:7096: mips-linux-gnu-gcc -E  conftest.c
configure:7103: $? = 0
configure:7117: result: yes
configure:7150: checking for sys/socket.h
configure:7159: result: yes
configure:7039: checking net/if_dl.h usability
configure:7056: mips-linux-gnu-gcc -c -g -O2  conftest.c >&5
conftest.c:68:23: error: net/if_dl.h: No such file or directory
configure:7063: $? = 1
configure: failed program was:
| /* confdefs.h.  */
| #define PACKAGE_NAME "DHCP"
| #define PACKAGE_TARNAME "dhcp"
| #define PACKAGE_VERSION "4.1.1"
| #define PACKAGE_STRING "DHCP 4.1.1"
| #define PACKAGE_BUGREPORT "dhcp-users@isc.org"
| #define PACKAGE "dhcp"
| #define VERSION "4.1.1"
| #define STDC_HEADERS 1
| #define HAVE_SYS_TYPES_H 1
| #define HAVE_SYS_STAT_H 1
| #define HAVE_STDLIB_H 1
| #define HAVE_STRING_H 1
| #define HAVE_MEMORY_H 1
| #define HAVE_STRINGS_H 1
| #define HAVE_INTTYPES_H 1
| #define HAVE_STDINT_H 1
| #define HAVE_UNISTD_H 1
| #define __EXTENSIONS__ 1
| #define _ALL_SOURCE 1
| #define _GNU_SOURCE 1
| #define _POSIX_PTHREAD_SEMANTICS 1
| #define _TANDEM_SOURCE 1
| #define DHCP_BYTE_ORDER BIG_ENDIAN
| #define FAILOVER_PROTOCOL 1
| #define ENABLE_EXECUTE 1
| #define TRACING 1
| #define DHCPv6 1
| #define _PATH_DHCPD_DB "/var/lib/dhcp4/dhcp6d.leases"
| #define HAVE_IFADDRS_H 1
| #define HAVE_LINUX_TYPES_H 1
| #define HAVE_LPF 1
| #define HAVE_SYS_SOCKET_H 1
| /* end confdefs.h.  */
| #include <stdio.h>
| #ifdef HAVE_SYS_TYPES_H
| # include <sys/types.h>
| #endif
| #ifdef HAVE_SYS_STAT_H
| # include <sys/stat.h>
| #endif
| #ifdef STDC_HEADERS
| # include <stdlib.h>
| # include <stddef.h>
| #else
| # ifdef HAVE_STDLIB_H
| #  include <stdlib.h>
| # endif
| #endif
| #ifdef HAVE_STRING_H
| # if !defined STDC_HEADERS && defined HAVE_MEMORY_H
| #  include <memory.h>
| # endif
| # include <string.h>
| #endif
| #ifdef HAVE_STRINGS_H
| # include <strings.h>
| #endif
| #ifdef HAVE_INTTYPES_H
| # include <inttypes.h>
| #endif
| #ifdef HAVE_STDINT_H
| # include <stdint.h>
| #endif
| #ifdef HAVE_UNISTD_H
| # include <unistd.h>
| #endif
| #include <net/if_dl.h>
configure:7077: result: no
configure:7081: checking net/if_dl.h presence
configure:7096: mips-linux-gnu-gcc -E  conftest.c
conftest.c:35:23: error: net/if_dl.h: No such file or directory
configure:7103: $? = 1
configure: failed program was:
| /* confdefs.h.  */
| #define PACKAGE_NAME "DHCP"
| #define PACKAGE_TARNAME "dhcp"
| #define PACKAGE_VERSION "4.1.1"
| #define PACKAGE_STRING "DHCP 4.1.1"
| #define PACKAGE_BUGREPORT "dhcp-users@isc.org"
| #define PACKAGE "dhcp"
| #define VERSION "4.1.1"
| #define STDC_HEADERS 1
| #define HAVE_SYS_TYPES_H 1
| #define HAVE_SYS_STAT_H 1
| #define HAVE_STDLIB_H 1
| #define HAVE_STRING_H 1
| #define HAVE_MEMORY_H 1
| #define HAVE_STRINGS_H 1
| #define HAVE_INTTYPES_H 1
| #define HAVE_STDINT_H 1
| #define HAVE_UNISTD_H 1
| #define __EXTENSIONS__ 1
| #define _ALL_SOURCE 1
| #define _GNU_SOURCE 1
| #define _POSIX_PTHREAD_SEMANTICS 1
| #define _TANDEM_SOURCE 1
| #define DHCP_BYTE_ORDER BIG_ENDIAN
| #define FAILOVER_PROTOCOL 1
| #define ENABLE_EXECUTE 1
| #define TRACING 1
| #define DHCPv6 1
| #define _PATH_DHCPD_DB "/var/lib/dhcp4/dhcp6d.leases"
| #define HAVE_IFADDRS_H 1
| #define HAVE_LINUX_TYPES_H 1
| #define HAVE_LPF 1
| #define HAVE_SYS_SOCKET_H 1
| /* end confdefs.h.  */
| #include <net/if_dl.h>
configure:7117: result: no
configure:7150: checking for net/if_dl.h
configure:7159: result: no
configure:7039: checking net/if6.h usability
configure:7056: mips-linux-gnu-gcc -c -g -O2  conftest.c >&5
conftest.c:68:21: error: net/if6.h: No such file or directory
configure:7063: $? = 1
configure: failed program was:
| /* confdefs.h.  */
| #define PACKAGE_NAME "DHCP"
| #define PACKAGE_TARNAME "dhcp"
| #define PACKAGE_VERSION "4.1.1"
| #define PACKAGE_STRING "DHCP 4.1.1"
| #define PACKAGE_BUGREPORT "dhcp-users@isc.org"
| #define PACKAGE "dhcp"
| #define VERSION "4.1.1"
| #define STDC_HEADERS 1
| #define HAVE_SYS_TYPES_H 1
| #define HAVE_SYS_STAT_H 1
| #define HAVE_STDLIB_H 1
| #define HAVE_STRING_H 1
| #define HAVE_MEMORY_H 1
| #define HAVE_STRINGS_H 1
| #define HAVE_INTTYPES_H 1
| #define HAVE_STDINT_H 1
| #define HAVE_UNISTD_H 1
| #define __EXTENSIONS__ 1
| #define _ALL_SOURCE 1
| #define _GNU_SOURCE 1
| #define _POSIX_PTHREAD_SEMANTICS 1
| #define _TANDEM_SOURCE 1
| #define DHCP_BYTE_ORDER BIG_ENDIAN
| #define FAILOVER_PROTOCOL 1
| #define ENABLE_EXECUTE 1
| #define TRACING 1
| #define DHCPv6 1
| #define _PATH_DHCPD_DB "/var/lib/dhcp4/dhcp6d.leases"
| #define HAVE_IFADDRS_H 1
| #define HAVE_LINUX_TYPES_H 1
| #define HAVE_LPF 1
| #define HAVE_SYS_SOCKET_H 1
| /* end confdefs.h.  */
| #include <stdio.h>
| #ifdef HAVE_SYS_TYPES_H
| # include <sys/types.h>
| #endif
| #ifdef HAVE_SYS_STAT_H
| # include <sys/stat.h>
| #endif
| #ifdef STDC_HEADERS
| # include <stdlib.h>
| # include <stddef.h>
| #else
| # ifdef HAVE_STDLIB_H
| #  include <stdlib.h>
| # endif
| #endif
| #ifdef HAVE_STRING_H
| # if !defined STDC_HEADERS && defined HAVE_MEMORY_H
| #  include <memory.h>
| # endif
| # include <string.h>
| #endif
| #ifdef HAVE_STRINGS_H
| # include <strings.h>
| #endif
| #ifdef HAVE_INTTYPES_H
| # include <inttypes.h>
| #endif
| #ifdef HAVE_STDINT_H
| # include <stdint.h>
| #endif
| #ifdef HAVE_UNISTD_H
| # include <unistd.h>
| #endif
| #include <net/if6.h>
configure:7077: result: no
configure:7081: checking net/if6.h presence
configure:7096: mips-linux-gnu-gcc -E  conftest.c
conftest.c:35:21: error: net/if6.h: No such file or directory
configure:7103: $? = 1
configure: failed program was:
| /* confdefs.h.  */
| #define PACKAGE_NAME "DHCP"
| #define PACKAGE_TARNAME "dhcp"
| #define PACKAGE_VERSION "4.1.1"
| #define PACKAGE_STRING "DHCP 4.1.1"
| #define PACKAGE_BUGREPORT "dhcp-users@isc.org"
| #define PACKAGE "dhcp"
| #define VERSION "4.1.1"
| #define STDC_HEADERS 1
| #define HAVE_SYS_TYPES_H 1
| #define HAVE_SYS_STAT_H 1
| #define HAVE_STDLIB_H 1
| #define HAVE_STRING_H 1
| #define HAVE_MEMORY_H 1
| #define HAVE_STRINGS_H 1
| #define HAVE_INTTYPES_H 1
| #define HAVE_STDINT_H 1
| #define HAVE_UNISTD_H 1
| #define __EXTENSIONS__ 1
| #define _ALL_SOURCE 1
| #define _GNU_SOURCE 1
| #define _POSIX_PTHREAD_SEMANTICS 1
| #define _TANDEM_SOURCE 1
| #define DHCP_BYTE_ORDER BIG_ENDIAN
| #define FAILOVER_PROTOCOL 1
| #define ENABLE_EXECUTE 1
| #define TRACING 1
| #define DHCPv6 1
| #define _PATH_DHCPD_DB "/var/lib/dhcp4/dhcp6d.leases"
| #define HAVE_IFADDRS_H 1
| #define HAVE_LINUX_TYPES_H 1
| #define HAVE_LPF 1
| #define HAVE_SYS_SOCKET_H 1
| /* end confdefs.h.  */
| #include <net/if6.h>
configure:7117: result: no
configure:7150: checking for net/if6.h
configure:7159: result: no
configure:7039: checking regex.h usability
configure:7056: mips-linux-gnu-gcc -c -g -O2  conftest.c >&5
configure:7063: $? = 0
configure:7077: result: yes
configure:7081: checking regex.h presence
configure:7096: mips-linux-gnu-gcc -E  conftest.c
configure:7103: $? = 0
configure:7117: result: yes
configure:7150: checking for regex.h
configure:7159: result: yes
configure:7175: checking for library containing MD5_Init
configure:7216: mips-linux-gnu-gcc -o conftest -g -O2   conftest.c  >&5
/tmp/ccaJaJNs.o: In function `main':
/home/sushaohua/gitroot/aw2.0.18sp6/src/dhcp4/dhcp-4.1.1/conftest.c:47: undefined reference to `MD5_Init'
collect2: ld returned 1 exit status
configure:7223: $? = 1
configure: failed program was:
| /* confdefs.h.  */
| #define PACKAGE_NAME "DHCP"
| #define PACKAGE_TARNAME "dhcp"
| #define PACKAGE_VERSION "4.1.1"
| #define PACKAGE_STRING "DHCP 4.1.1"
| #define PACKAGE_BUGREPORT "dhcp-users@isc.org"
| #define PACKAGE "dhcp"
| #define VERSION "4.1.1"
| #define STDC_HEADERS 1
| #define HAVE_SYS_TYPES_H 1
| #define HAVE_SYS_STAT_H 1
| #define HAVE_STDLIB_H 1
| #define HAVE_STRING_H 1
| #define HAVE_MEMORY_H 1
| #define HAVE_STRINGS_H 1
| #define HAVE_INTTYPES_H 1
| #define HAVE_STDINT_H 1
| #define HAVE_UNISTD_H 1
| #define __EXTENSIONS__ 1
| #define _ALL_SOURCE 1
| #define _GNU_SOURCE 1
| #define _POSIX_PTHREAD_SEMANTICS 1
| #define _TANDEM_SOURCE 1
| #define DHCP_BYTE_ORDER BIG_ENDIAN
| #define FAILOVER_PROTOCOL 1
| #define ENABLE_EXECUTE 1
| #define TRACING 1
| #define DHCPv6 1
| #define _PATH_DHCPD_DB "/var/lib/dhcp4/dhcp6d.leases"
| #define HAVE_IFADDRS_H 1
| #define HAVE_LINUX_TYPES_H 1
| #define HAVE_LPF 1
| #define HAVE_SYS_SOCKET_H 1
| #define HAVE_REGEX_H 1
| /* end confdefs.h.  */
| 
| /* Override any GCC internal prototype to avoid an error.
|    Use char because int might match the return type of a GCC
|    builtin and then its argument prototype would still apply.  */
| #ifdef __cplusplus
| extern "C"
| #endif
| char MD5_Init ();
| int
| main ()
| {
| return MD5_Init ();
|   ;
|   return 0;
| }
configure:7216: mips-linux-gnu-gcc -o conftest -g -O2   conftest.c -lcrypto   >&5
/usr/lib/gcc/mips-linux-gnu/4.1.2/../../../../mips-linux-gnu/bin/ld: cannot find -lcrypto
collect2: ld returned 1 exit status
configure:7223: $? = 1
configure: failed program was:
| /* confdefs.h.  */
| #define PACKAGE_NAME "DHCP"
| #define PACKAGE_TARNAME "dhcp"
| #define PACKAGE_VERSION "4.1.1"
| #define PACKAGE_STRING "DHCP 4.1.1"
| #define PACKAGE_BUGREPORT "dhcp-users@isc.org"
| #define PACKAGE "dhcp"
| #define VERSION "4.1.1"
| #define STDC_HEADERS 1
| #define HAVE_SYS_TYPES_H 1
| #define HAVE_SYS_STAT_H 1
| #define HAVE_STDLIB_H 1
| #define HAVE_STRING_H 1
| #define HAVE_MEMORY_H 1
| #define HAVE_STRINGS_H 1
| #define HAVE_INTTYPES_H 1
| #define HAVE_STDINT_H 1
| #define HAVE_UNISTD_H 1
| #define __EXTENSIONS__ 1
| #define _ALL_SOURCE 1
| #define _GNU_SOURCE 1
| #define _POSIX_PTHREAD_SEMANTICS 1
| #define _TANDEM_SOURCE 1
| #define DHCP_BYTE_ORDER BIG_ENDIAN
| #define FAILOVER_PROTOCOL 1
| #define ENABLE_EXECUTE 1
| #define TRACING 1
| #define DHCPv6 1
| #define _PATH_DHCPD_DB "/var/lib/dhcp4/dhcp6d.leases"
| #define HAVE_IFADDRS_H 1
| #define HAVE_LINUX_TYPES_H 1
| #define HAVE_LPF 1
| #define HAVE_SYS_SOCKET_H 1
| #define HAVE_REGEX_H 1
| /* end confdefs.h.  */
| 
| /* Override any GCC internal prototype to avoid an error.
|    Use char because int might match the return type of a GCC
|    builtin and then its argument prototype would still apply.  */
| #ifdef __cplusplus
| extern "C"
| #endif
| char MD5_Init ();
| int
| main ()
| {
| return MD5_Init ();
|   ;
|   return 0;
| }
configure:7254: result: no
configure:7262: checking for library containing MD5Init
configure:7303: mips-linux-gnu-gcc -o conftest -g -O2   conftest.c  >&5
/tmp/ccIcIU2F.o: In function `main':
/home/sushaohua/gitroot/aw2.0.18sp6/src/dhcp4/dhcp-4.1.1/conftest.c:47: undefined reference to `MD5Init'
collect2: ld returned 1 exit status
configure:7310: $? = 1
configure: failed program was:
| /* confdefs.h.  */
| #define PACKAGE_NAME "DHCP"
| #define PACKAGE_TARNAME "dhcp"
| #define PACKAGE_VERSION "4.1.1"
| #define PACKAGE_STRING "DHCP 4.1.1"
| #define PACKAGE_BUGREPORT "dhcp-users@isc.org"
| #define PACKAGE "dhcp"
| #define VERSION "4.1.1"
| #define STDC_HEADERS 1
| #define HAVE_SYS_TYPES_H 1
| #define HAVE_SYS_STAT_H 1
| #define HAVE_STDLIB_H 1
| #define HAVE_STRING_H 1
| #define HAVE_MEMORY_H 1
| #define HAVE_STRINGS_H 1
| #define HAVE_INTTYPES_H 1
| #define HAVE_STDINT_H 1
| #define HAVE_UNISTD_H 1
| #define __EXTENSIONS__ 1
| #define _ALL_SOURCE 1
| #define _GNU_SOURCE 1
| #define _POSIX_PTHREAD_SEMANTICS 1
| #define _TANDEM_SOURCE 1
| #define DHCP_BYTE_ORDER BIG_ENDIAN
| #define FAILOVER_PROTOCOL 1
| #define ENABLE_EXECUTE 1
| #define TRACING 1
| #define DHCPv6 1
| #define _PATH_DHCPD_DB "/var/lib/dhcp4/dhcp6d.leases"
| #define HAVE_IFADDRS_H 1
| #define HAVE_LINUX_TYPES_H 1
| #define HAVE_LPF 1
| #define HAVE_SYS_SOCKET_H 1
| #define HAVE_REGEX_H 1
| /* end confdefs.h.  */
| 
| /* Override any GCC internal prototype to avoid an error.
|    Use char because int might match the return type of a GCC
|    builtin and then its argument prototype would still apply.  */
| #ifdef __cplusplus
| extern "C"
| #endif
| char MD5Init ();
| int
| main ()
| {
| return MD5Init ();
|   ;
|   return 0;
| }
configure:7303: mips-linux-gnu-gcc -o conftest -g -O2   conftest.c -lcrypto   >&5
/usr/lib/gcc/mips-linux-gnu/4.1.2/../../../../mips-linux-gnu/bin/ld: cannot find -lcrypto
collect2: ld returned 1 exit status
configure:7310: $? = 1
configure: failed program was:
| /* confdefs.h.  */
| #define PACKAGE_NAME "DHCP"
| #define PACKAGE_TARNAME "dhcp"
| #define PACKAGE_VERSION "4.1.1"
| #define PACKAGE_STRING "DHCP 4.1.1"
| #define PACKAGE_BUGREPORT "dhcp-users@isc.org"
| #define PACKAGE "dhcp"
| #define VERSION "4.1.1"
| #define STDC_HEADERS 1
| #define HAVE_SYS_TYPES_H 1
| #define HAVE_SYS_STAT_H 1
| #define HAVE_STDLIB_H 1
| #define HAVE_STRING_H 1
| #define HAVE_MEMORY_H 1
| #define HAVE_STRINGS_H 1
| #define HAVE_INTTYPES_H 1
| #define HAVE_STDINT_H 1
| #define HAVE_UNISTD_H 1
| #define __EXTENSIONS__ 1
| #define _ALL_SOURCE 1
| #define _GNU_SOURCE 1
| #define _POSIX_PTHREAD_SEMANTICS 1
| #define _TANDEM_SOURCE 1
| #define DHCP_BYTE_ORDER BIG_ENDIAN
| #define FAILOVER_PROTOCOL 1
| #define ENABLE_EXECUTE 1
| #define TRACING 1
| #define DHCPv6 1
| #define _PATH_DHCPD_DB "/var/lib/dhcp4/dhcp6d.leases"
| #define HAVE_IFADDRS_H 1
| #define HAVE_LINUX_TYPES_H 1
| #define HAVE_LPF 1
| #define HAVE_SYS_SOCKET_H 1
| #define HAVE_REGEX_H 1
| /* end confdefs.h.  */
| 
| /* Override any GCC internal prototype to avoid an error.
|    Use char because int might match the return type of a GCC
|    builtin and then its argument prototype would still apply.  */
| #ifdef __cplusplus
| extern "C"
| #endif
| char MD5Init ();
| int
| main ()
| {
| return MD5Init ();
|   ;
|   return 0;
| }
configure:7341: result: no
configure:7351: checking for library containing socket
configure:7392: mips-linux-gnu-gcc -o conftest -g -O2   conftest.c  >&5
configure:7399: $? = 0
configure:7430: result: none required
configure:7438: checking for library containing inet_ntoa
configure:7479: mips-linux-gnu-gcc -o conftest -g -O2   conftest.c  >&5
configure:7486: $? = 0
configure:7517: result: none required
configure:7526: checking for library containing inet_aton
configure:7567: mips-linux-gnu-gcc -o conftest -g -O2   conftest.c  >&5
configure:7574: $? = 0
configure:7605: result: none required
configure:7621: checking for library containing regcomp
configure:7662: mips-linux-gnu-gcc -o conftest -g -O2   conftest.c  >&5
configure:7669: $? = 0
configure:7700: result: none required
configure:7710: checking for library containing if_nametoindex
configure:7751: mips-linux-gnu-gcc -o conftest -g -O2   conftest.c  >&5
configure:7758: $? = 0
configure:7789: result: none required
configure:7799: checking for /dev/random
configure:7805: error: cannot check for file existence when cross compiling
configure:7815: result: yes
configure:7827: checking for struct sockaddr.sa_len
configure:7856: mips-linux-gnu-gcc -c -g -O2  conftest.c >&5
conftest.c: In function 'main':
conftest.c:43: error: 'struct sockaddr' has no member named 'sa_len'
configure:7863: $? = 1
configure: failed program was:
| /* confdefs.h.  */
| #define PACKAGE_NAME "DHCP"
| #define PACKAGE_TARNAME "dhcp"
| #define PACKAGE_VERSION "4.1.1"
| #define PACKAGE_STRING "DHCP 4.1.1"
| #define PACKAGE_BUGREPORT "dhcp-users@isc.org"
| #define PACKAGE "dhcp"
| #define VERSION "4.1.1"
| #define STDC_HEADERS 1
| #define HAVE_SYS_TYPES_H 1
| #define HAVE_SYS_STAT_H 1
| #define HAVE_STDLIB_H 1
| #define HAVE_STRING_H 1
| #define HAVE_MEMORY_H 1
| #define HAVE_STRINGS_H 1
| #define HAVE_INTTYPES_H 1
| #define HAVE_STDINT_H 1
| #define HAVE_UNISTD_H 1
| #define __EXTENSIONS__ 1
| #define _ALL_SOURCE 1
| #define _GNU_SOURCE 1
| #define _POSIX_PTHREAD_SEMANTICS 1
| #define _TANDEM_SOURCE 1
| #define DHCP_BYTE_ORDER BIG_ENDIAN
| #define FAILOVER_PROTOCOL 1
| #define ENABLE_EXECUTE 1
| #define TRACING 1
| #define DHCPv6 1
| #define _PATH_DHCPD_DB "/var/lib/dhcp4/dhcp6d.leases"
| #define HAVE_IFADDRS_H 1
| #define HAVE_LINUX_TYPES_H 1
| #define HAVE_LPF 1
| #define HAVE_SYS_SOCKET_H 1
| #define HAVE_REGEX_H 1
| #define HAVE_DEV_RANDOM 1
| /* end confdefs.h.  */
| #include <sys/socket.h>
| 
| int
| main ()
| {
| static struct sockaddr ac_aggr;
| if (ac_aggr.sa_len)
| return 0;
|   ;
|   return 0;
| }
configure:7897: mips-linux-gnu-gcc -c -g -O2  conftest.c >&5
conftest.c: In function 'main':
conftest.c:43: error: 'struct sockaddr' has no member named 'sa_len'
configure:7904: $? = 1
configure: failed program was:
| /* confdefs.h.  */
| #define PACKAGE_NAME "DHCP"
| #define PACKAGE_TARNAME "dhcp"
| #define PACKAGE_VERSION "4.1.1"
| #define PACKAGE_STRING "DHCP 4.1.1"
| #define PACKAGE_BUGREPORT "dhcp-users@isc.org"
| #define PACKAGE "dhcp"
| #define VERSION "4.1.1"
| #define STDC_HEADERS 1
| #define HAVE_SYS_TYPES_H 1
| #define HAVE_SYS_STAT_H 1
| #define HAVE_STDLIB_H 1
| #define HAVE_STRING_H 1
| #define HAVE_MEMORY_H 1
| #define HAVE_STRINGS_H 1
| #define HAVE_INTTYPES_H 1
| #define HAVE_STDINT_H 1
| #define HAVE_UNISTD_H 1
| #define __EXTENSIONS__ 1
| #define _ALL_SOURCE 1
| #define _GNU_SOURCE 1
| #define _POSIX_PTHREAD_SEMANTICS 1
| #define _TANDEM_SOURCE 1
| #define DHCP_BYTE_ORDER BIG_ENDIAN
| #define FAILOVER_PROTOCOL 1
| #define ENABLE_EXECUTE 1
| #define TRACING 1
| #define DHCPv6 1
| #define _PATH_DHCPD_DB "/var/lib/dhcp4/dhcp6d.leases"
| #define HAVE_IFADDRS_H 1
| #define HAVE_LINUX_TYPES_H 1
| #define HAVE_LPF 1
| #define HAVE_SYS_SOCKET_H 1
| #define HAVE_REGEX_H 1
| #define HAVE_DEV_RANDOM 1
| /* end confdefs.h.  */
| #include <sys/socket.h>
| 
| int
| main ()
| {
| static struct sockaddr ac_aggr;
| if (sizeof ac_aggr.sa_len)
| return 0;
|   ;
|   return 0;
| }
configure:7922: result: no
configure:7938: checking size of struct iaddr *
configure:7972: mips-linux-gnu-gcc -c -g -O2  conftest.c >&5
configure:7979: $? = 0
configure:8013: mips-linux-gnu-gcc -c -g -O2  conftest.c >&5
conftest.c: In function 'main':
conftest.c:45: error: size of array 'test_array' is negative
configure:8020: $? = 1
configure: failed program was:
| /* confdefs.h.  */
| #define PACKAGE_NAME "DHCP"
| #define PACKAGE_TARNAME "dhcp"
| #define PACKAGE_VERSION "4.1.1"
| #define PACKAGE_STRING "DHCP 4.1.1"
| #define PACKAGE_BUGREPORT "dhcp-users@isc.org"
| #define PACKAGE "dhcp"
| #define VERSION "4.1.1"
| #define STDC_HEADERS 1
| #define HAVE_SYS_TYPES_H 1
| #define HAVE_SYS_STAT_H 1
| #define HAVE_STDLIB_H 1
| #define HAVE_STRING_H 1
| #define HAVE_MEMORY_H 1
| #define HAVE_STRINGS_H 1
| #define HAVE_INTTYPES_H 1
| #define HAVE_STDINT_H 1
| #define HAVE_UNISTD_H 1
| #define __EXTENSIONS__ 1
| #define _ALL_SOURCE 1
| #define _GNU_SOURCE 1
| #define _POSIX_PTHREAD_SEMANTICS 1
| #define _TANDEM_SOURCE 1
| #define DHCP_BYTE_ORDER BIG_ENDIAN
| #define FAILOVER_PROTOCOL 1
| #define ENABLE_EXECUTE 1
| #define TRACING 1
| #define DHCPv6 1
| #define _PATH_DHCPD_DB "/var/lib/dhcp4/dhcp6d.leases"
| #define HAVE_IFADDRS_H 1
| #define HAVE_LINUX_TYPES_H 1
| #define HAVE_LPF 1
| #define HAVE_SYS_SOCKET_H 1
| #define HAVE_REGEX_H 1
| #define HAVE_DEV_RANDOM 1
| /* end confdefs.h.  */
| 
| #include "includes/inet.h"
| #include <stdio.h>
| 
| 
| int
| main ()
| {
| static int test_array [1 - 2 * !(((long int) (sizeof (struct iaddr *))) <= 0)];
| test_array [0] = 0
| 
|   ;
|   return 0;
| }
configure:8013: mips-linux-gnu-gcc -c -g -O2  conftest.c >&5
conftest.c: In function 'main':
conftest.c:45: error: size of array 'test_array' is negative
configure:8020: $? = 1
configure: failed program was:
| /* confdefs.h.  */
| #define PACKAGE_NAME "DHCP"
| #define PACKAGE_TARNAME "dhcp"
| #define PACKAGE_VERSION "4.1.1"
| #define PACKAGE_STRING "DHCP 4.1.1"
| #define PACKAGE_BUGREPORT "dhcp-users@isc.org"
| #define PACKAGE "dhcp"
| #define VERSION "4.1.1"
| #define STDC_HEADERS 1
| #define HAVE_SYS_TYPES_H 1
| #define HAVE_SYS_STAT_H 1
| #define HAVE_STDLIB_H 1
| #define HAVE_STRING_H 1
| #define HAVE_MEMORY_H 1
| #define HAVE_STRINGS_H 1
| #define HAVE_INTTYPES_H 1
| #define HAVE_STDINT_H 1
| #define HAVE_UNISTD_H 1
| #define __EXTENSIONS__ 1
| #define _ALL_SOURCE 1
| #define _GNU_SOURCE 1
| #define _POSIX_PTHREAD_SEMANTICS 1
| #define _TANDEM_SOURCE 1
| #define DHCP_BYTE_ORDER BIG_ENDIAN
| #define FAILOVER_PROTOCOL 1
| #define ENABLE_EXECUTE 1
| #define TRACING 1
| #define DHCPv6 1
| #define _PATH_DHCPD_DB "/var/lib/dhcp4/dhcp6d.leases"
| #define HAVE_IFADDRS_H 1
| #define HAVE_LINUX_TYPES_H 1
| #define HAVE_LPF 1
| #define HAVE_SYS_SOCKET_H 1
| #define HAVE_REGEX_H 1
| #define HAVE_DEV_RANDOM 1
| /* end confdefs.h.  */
| 
| #include "includes/inet.h"
| #include <stdio.h>
| 
| 
| int
| main ()
| {
| static int test_array [1 - 2 * !(((long int) (sizeof (struct iaddr *))) <= 1)];
| test_array [0] = 0
| 
|   ;
|   return 0;
| }
configure:8013: mips-linux-gnu-gcc -c -g -O2  conftest.c >&5
conftest.c: In function 'main':
conftest.c:45: error: size of array 'test_array' is negative
configure:8020: $? = 1
configure: failed program was:
| /* confdefs.h.  */
| #define PACKAGE_NAME "DHCP"
| #define PACKAGE_TARNAME "dhcp"
| #define PACKAGE_VERSION "4.1.1"
| #define PACKAGE_STRING "DHCP 4.1.1"
| #define PACKAGE_BUGREPORT "dhcp-users@isc.org"
| #define PACKAGE "dhcp"
| #define VERSION "4.1.1"
| #define STDC_HEADERS 1
| #define HAVE_SYS_TYPES_H 1
| #define HAVE_SYS_STAT_H 1
| #define HAVE_STDLIB_H 1
| #define HAVE_STRING_H 1
| #define HAVE_MEMORY_H 1
| #define HAVE_STRINGS_H 1
| #define HAVE_INTTYPES_H 1
| #define HAVE_STDINT_H 1
| #define HAVE_UNISTD_H 1
| #define __EXTENSIONS__ 1
| #define _ALL_SOURCE 1
| #define _GNU_SOURCE 1
| #define _POSIX_PTHREAD_SEMANTICS 1
| #define _TANDEM_SOURCE 1
| #define DHCP_BYTE_ORDER BIG_ENDIAN
| #define FAILOVER_PROTOCOL 1
| #define ENABLE_EXECUTE 1
| #define TRACING 1
| #define DHCPv6 1
| #define _PATH_DHCPD_DB "/var/lib/dhcp4/dhcp6d.leases"
| #define HAVE_IFADDRS_H 1
| #define HAVE_LINUX_TYPES_H 1
| #define HAVE_LPF 1
| #define HAVE_SYS_SOCKET_H 1
| #define HAVE_REGEX_H 1
| #define HAVE_DEV_RANDOM 1
| /* end confdefs.h.  */
| 
| #include "includes/inet.h"
| #include <stdio.h>
| 
| 
| int
| main ()
| {
| static int test_array [1 - 2 * !(((long int) (sizeof (struct iaddr *))) <= 3)];
| test_array [0] = 0
| 
|   ;
|   return 0;
| }
configure:8013: mips-linux-gnu-gcc -c -g -O2  conftest.c >&5
configure:8020: $? = 0
configure:8180: mips-linux-gnu-gcc -c -g -O2  conftest.c >&5
configure:8187: $? = 0
configure:8180: mips-linux-gnu-gcc -c -g -O2  conftest.c >&5
configure:8187: $? = 0
configure:8303: result: 4
configure:8325: checking for struct msghdr.msg_control
configure:8357: mips-linux-gnu-gcc -c -g -O2  conftest.c >&5
configure:8364: $? = 0
configure:8426: result: yes
configure:8673: creating ./config.status

## ---------------------- ##
## Running config.status. ##
## ---------------------- ##

This file was extended by DHCP config.status 4.1.1, which was
generated by GNU Autoconf 2.62.  Invocation command line was

  CONFIG_FILES    = 
  CONFIG_HEADERS  = 
  CONFIG_LINKS    = 
  CONFIG_COMMANDS = 
  $ ./config.status 

on new18

config.status:798: creating Makefile
config.status:798: creating client/Makefile
config.status:798: creating common/Makefile
config.status:798: creating common/tests/Makefile
config.status:798: creating dhcpctl/Makefile
config.status:798: creating dst/Makefile
config.status:798: creating includes/Makefile
config.status:798: creating minires/Makefile
config.status:798: creating omapip/Makefile
config.status:798: creating relay/Makefile
config.status:798: creating server/Makefile
config.status:798: creating tests/Makefile
config.status:798: creating includes/config.h
config.status:978: includes/config.h is unchanged
config.status:1029: executing depfiles commands

## ---------------- ##
## Cache variables. ##
## ---------------- ##

ac_cv_c_bigendian=yes
ac_cv_c_compiler_gnu=yes
ac_cv_c_int16_t=yes
ac_cv_c_int32_t=yes
ac_cv_c_int8_t=yes
ac_cv_env_CC_set=set
ac_cv_env_CC_value=mips-linux-gnu-gcc
ac_cv_env_CFLAGS_set=
ac_cv_env_CFLAGS_value=
ac_cv_env_CPPFLAGS_set=
ac_cv_env_CPPFLAGS_value=
ac_cv_env_CPP_set=
ac_cv_env_CPP_value=
ac_cv_env_LDFLAGS_set=
ac_cv_env_LDFLAGS_value=
ac_cv_env_LIBS_set=
ac_cv_env_LIBS_value=
ac_cv_env_build_alias_set=
ac_cv_env_build_alias_value=
ac_cv_env_host_alias_set=set
ac_cv_env_host_alias_value=mips-linux-gnu
ac_cv_env_target_alias_set=
ac_cv_env_target_alias_value=
ac_cv_file__dev_random=yes
ac_cv_header_ifaddrs_h=yes
ac_cv_header_inttypes_h=yes
ac_cv_header_linux_filter_h=yes
ac_cv_header_linux_types_h=yes
ac_cv_header_memory_h=yes
ac_cv_header_minix_config_h=no
ac_cv_header_net_if6_h=no
ac_cv_header_net_if_dl_h=no
ac_cv_header_regex_h=yes
ac_cv_header_stdc=yes
ac_cv_header_stdint_h=yes
ac_cv_header_stdlib_h=yes
ac_cv_header_string_h=yes
ac_cv_header_strings_h=yes
ac_cv_header_sys_socket_h=yes
ac_cv_header_sys_stat_h=yes
ac_cv_header_sys_types_h=yes
ac_cv_header_unistd_h=yes
ac_cv_member_struct_msghdr_msg_control=yes
ac_cv_member_struct_sockaddr_sa_len=no
ac_cv_objext=o
ac_cv_path_EGREP='/bin/grep -E'
ac_cv_path_GREP=/bin/grep
ac_cv_path_install='/usr/bin/install -c'
ac_cv_prog_AWK=gawk
ac_cv_prog_CC=mips-linux-gnu-gcc
ac_cv_prog_CPP='mips-linux-gnu-gcc -E'
ac_cv_prog_RANLIB=mips-linux-gnu-ranlib
ac_cv_prog_STRIP=mips-linux-gnu-strip
ac_cv_prog_cc_c89=
ac_cv_prog_cc_g=yes
ac_cv_prog_make_make_set=yes
ac_cv_safe_to_define___extensions__=yes
ac_cv_search_MD5Init=no
ac_cv_search_MD5_Init=no
ac_cv_search_if_nametoindex='none required'
ac_cv_search_inet_aton='none required'
ac_cv_search_inet_ntoa='none required'
ac_cv_search_regcomp='none required'
ac_cv_search_socket='none required'
ac_cv_sizeof_struct_iaddr_p=4
ac_cv_type_u_int16_t=yes
ac_cv_type_u_int32_t=yes
ac_cv_type_u_int8_t=yes
am_cv_CC_dependencies_compiler_type=gcc3

## ----------------- ##
## Output variables. ##
## ----------------- ##

ACLOCAL='${SHELL} /home/sushaohua/gitroot/aw2.0.18sp6/src/dhcp4/dhcp-4.1.1/missing --run aclocal-1.9'
AMDEPBACKSLASH='\'
AMDEP_FALSE='#'
AMDEP_TRUE=''
AMTAR='${SHELL} /home/sushaohua/gitroot/aw2.0.18sp6/src/dhcp4/dhcp-4.1.1/missing --run tar'
AUTOCONF='${SHELL} /home/sushaohua/gitroot/aw2.0.18sp6/src/dhcp4/dhcp-4.1.1/missing --run autoconf'
AUTOHEADER='${SHELL} /home/sushaohua/gitroot/aw2.0.18sp6/src/dhcp4/dhcp-4.1.1/missing --run autoheader'
AUTOMAKE='${SHELL} /home/sushaohua/gitroot/aw2.0.18sp6/src/dhcp4/dhcp-4.1.1/missing --run automake-1.9'
AWK='gawk'
CC='mips-linux-gnu-gcc'
CCDEPMODE='depmode=gcc3'
CFLAGS='-g -O2  -Wall -Werror -fno-strict-aliasing'
CPP='mips-linux-gnu-gcc -E'
CPPFLAGS=''
CYGPATH_W='echo'
DEFS='-DHAVE_CONFIG_H'
DEPDIR='.deps'
ECHO_C=''
ECHO_N='-n'
ECHO_T=''
EGREP='/bin/grep -E'
EXEEXT=''
GREP='/bin/grep'
INSTALL_DATA='${INSTALL} -m 644'
INSTALL_PROGRAM='${INSTALL}'
INSTALL_SCRIPT='${INSTALL}'
INSTALL_STRIP_PROGRAM='${SHELL} $(install_sh) -c -s'
LDFLAGS=''
LIBOBJS=''
LIBS=''
LTLIBOBJS=''
MAKEINFO='${SHELL} /home/sushaohua/gitroot/aw2.0.18sp6/src/dhcp4/dhcp-4.1.1/missing --run makeinfo'
OBJEXT='o'
PACKAGE='dhcp'
PACKAGE_BUGREPORT='dhcp-users@isc.org'
PACKAGE_NAME='DHCP'
PACKAGE_STRING='DHCP 4.1.1'
PACKAGE_TARNAME='dhcp'
PACKAGE_VERSION='4.1.1'
PATH_SEPARATOR=':'
RANLIB='mips-linux-gnu-ranlib'
SET_MAKE=''
SHELL='/bin/sh'
STRIP='mips-linux-gnu-strip'
VERSION='4.1.1'
ac_ct_CC=''
ac_prefix_program=''
am__fastdepCC_FALSE='#'
am__fastdepCC_TRUE=''
am__include='include'
am__leading_dot='.'
am__quote=''
am__tar='${AMTAR} chof - "$$tardir"'
am__untar='${AMTAR} xf -'
bindir='${exec_prefix}/bin'
build_alias=''
byte_order='BIG_ENDIAN'
datadir='${datarootdir}'
datarootdir='${prefix}/share'
docdir='${datarootdir}/doc/${PACKAGE_TARNAME}'
dvidir='${docdir}'
exec_prefix='${prefix}'
host_alias='mips-linux-gnu'
htmldir='${docdir}'
includedir='${prefix}/include'
infodir='${datarootdir}/info'
install_sh='/home/sushaohua/gitroot/aw2.0.18sp6/src/dhcp4/dhcp-4.1.1/install-sh'
libdir='${exec_prefix}/lib'
libexecdir='${exec_prefix}/libexec'
localedir='${datarootdir}/locale'
localstatedir='/var'
mandir='${datarootdir}/man'
mkdir_p='mkdir -p --'
oldincludedir='/usr/include'
pdfdir='${docdir}'
prefix='/usr/local'
program_transform_name='s,x,x,'
psdir='${docdir}'
sbindir='${exec_prefix}/sbin'
sharedstatedir='${prefix}/com'
sysconfdir='${prefix}/etc'
target_alias=''

## ----------- ##
## confdefs.h. ##
## ----------- ##

#define PACKAGE_NAME "DHCP"
#define PACKAGE_TARNAME "dhcp"
#define PACKAGE_VERSION "4.1.1"
#define PACKAGE_STRING "DHCP 4.1.1"
#define PACKAGE_BUGREPORT "dhcp-users@isc.org"
#define PACKAGE "dhcp"
#define VERSION "4.1.1"
#define STDC_HEADERS 1
#define HAVE_SYS_TYPES_H 1
#define HAVE_SYS_STAT_H 1
#define HAVE_STDLIB_H 1
#define HAVE_STRING_H 1
#define HAVE_MEMORY_H 1
#define HAVE_STRINGS_H 1
#define HAVE_INTTYPES_H 1
#define HAVE_STDINT_H 1
#define HAVE_UNISTD_H 1
#define __EXTENSIONS__ 1
#define _ALL_SOURCE 1
#define _GNU_SOURCE 1
#define _POSIX_PTHREAD_SEMANTICS 1
#define _TANDEM_SOURCE 1
#define DHCP_BYTE_ORDER BIG_ENDIAN
#define FAILOVER_PROTOCOL 1
#define ENABLE_EXECUTE 1
#define TRACING 1
#define DHCPv6 1
#define _PATH_DHCPD_DB "/var/lib/dhcp4/dhcp6d.leases"
#define HAVE_IFADDRS_H 1
#define HAVE_LINUX_TYPES_H 1
#define HAVE_LPF 1
#define HAVE_SYS_SOCKET_H 1
#define HAVE_REGEX_H 1
#define HAVE_DEV_RANDOM 1
#define SIZEOF_STRUCT_IADDR_P 4

configure: exit 0
